{
  "stats": {
    "suites": 1,
    "tests": 3,
    "passes": 0,
    "pending": 0,
    "failures": 3,
    "start": "2021-01-05T18:50:55.624Z",
    "end": "2021-01-05T18:51:16.215Z",
    "duration": 20591,
    "testsRegistered": 3,
    "passPercent": 0,
    "pendingPercent": 0,
    "other": 0,
    "hasOther": false,
    "skipped": 0,
    "hasSkipped": false
  },
  "results": [
    {
      "uuid": "681582c2-98e2-48e6-9843-e37012cdbea0",
      "title": "",
      "fullFile": "cypress/integration/examples/QAM/test2.spec.js",
      "file": "cypress/integration/examples/QAM/test2.spec.js",
      "beforeHooks": [],
      "afterHooks": [],
      "tests": [],
      "suites": [
        {
          "uuid": "7ed061af-20d8-4477-8c92-e509b4e48458",
          "title": "Create and mark-unmark as favorite",
          "fullFile": "",
          "file": "",
          "beforeHooks": [],
          "afterHooks": [],
          "tests": [
            {
              "title": "Sign in",
              "fullTitle": "Create and mark-unmark as favorite Sign in",
              "timedOut": null,
              "duration": 11885,
              "state": "failed",
              "speed": null,
              "pass": false,
              "fail": true,
              "pending": false,
              "context": null,
              "code": "cy.visit('https://react-redux.realworld.io/#/login');\ncy.title().should('eq', 'Conduit');\ncy.location('protocol').should('eq', 'https:');\ncy.get('input[type=\"email\"]').type('qamilestone.academy@gmail.com');\ncy.get('input[type=\"password\"]').type('admin123');\ncy.get('.btn').contains('Sign in').should('be.visible').click();\ncy.contains('Your Feed', {\n  timeout: 10000\n}).should('be.visible');",
              "err": {
                "message": "AssertionError: Timed out retrying after 10000ms: Expected to find content: 'Your Feed' but never did.",
                "estack": "AssertionError: Timed out retrying after 10000ms: Expected to find content: 'Your Feed' but never did.\n    at Context.eval (https://react-redux.realworld.io/__cypress/tests?p=cypress/integration/examples/QAM/test2.spec.js:109:8)",
                "diff": null
              },
              "uuid": "d3c5e0e0-36ea-4725-850b-3af281f574f7",
              "parentUUID": "7ed061af-20d8-4477-8c92-e509b4e48458",
              "isHook": false,
              "skipped": false
            },
            {
              "title": "Create a post",
              "fullTitle": "Create and mark-unmark as favorite Create a post",
              "timedOut": null,
              "duration": 4325,
              "state": "failed",
              "speed": null,
              "pass": false,
              "fail": true,
              "pending": false,
              "context": null,
              "code": "cy.contains('New Post').click();\ncy.hash().should('include', '#/editor'); //cy.location('hash').should('include','#/editor')\ncy.get('input[placeholder=\"Article Title\"]').type('Test');\ncy.get('input[placeholder=\"What\\'s this article about?\"]').type('Test 1');\ncy.get('textarea[placeholder=\"Write your article (in markdown)\"]').type('Test 2');\ncy.contains('Publish Article').click();\ncy.url().should('include', 'article');",
              "err": {
                "message": "AssertionError: Timed out retrying after 4000ms: Expected to find content: 'New Post' but never did.",
                "estack": "AssertionError: Timed out retrying after 4000ms: Expected to find content: 'New Post' but never did.\n    at Context.eval (https://react-redux.realworld.io/__cypress/tests?p=cypress/integration/examples/QAM/test2.spec.js:112:8)",
                "diff": null
              },
              "uuid": "7540e30f-dff2-4a92-95ed-b6524b398a8c",
              "parentUUID": "7ed061af-20d8-4477-8c92-e509b4e48458",
              "isHook": false,
              "skipped": false
            },
            {
              "title": "Mark-unmark as favorite",
              "fullTitle": "Create and mark-unmark as favorite Mark-unmark as favorite",
              "timedOut": null,
              "duration": 4319,
              "state": "failed",
              "speed": null,
              "pass": false,
              "fail": true,
              "pending": false,
              "context": null,
              "code": "cy.get('.nav-link').contains('QAMs').click();\ncy.contains('My Articles').should('be.visible');\ncy.get('.ion-heart').click();\ncy.contains('Favorited Articles').click();\ncy.url().should('include', 'favorites');\ncy.get('.ion-heart').click();\ncy.reload();\ncy.contains('No articles are here... yet.').should('be.visible');\ncy.go('back'); //cy.go(-1)\n//cy.go('forward')\n//cy.go(1)",
              "err": {
                "message": "AssertionError: Timed out retrying after 4000ms: Expected to find content: 'QAMs' within the element: [ <a.nav-link>, 2 more... ] but never did.",
                "estack": "AssertionError: Timed out retrying after 4000ms: Expected to find content: 'QAMs' within the element: [ <a.nav-link>, 2 more... ] but never did.\n    at Context.eval (https://react-redux.realworld.io/__cypress/tests?p=cypress/integration/examples/QAM/test2.spec.js:122:25)",
                "diff": null
              },
              "uuid": "af93c9cf-6d4f-45c6-90da-2c26d817c617",
              "parentUUID": "7ed061af-20d8-4477-8c92-e509b4e48458",
              "isHook": false,
              "skipped": false
            }
          ],
          "suites": [],
          "passes": [],
          "failures": [
            "d3c5e0e0-36ea-4725-850b-3af281f574f7",
            "7540e30f-dff2-4a92-95ed-b6524b398a8c",
            "af93c9cf-6d4f-45c6-90da-2c26d817c617"
          ],
          "pending": [],
          "skipped": [],
          "duration": 20529,
          "root": false,
          "rootEmpty": false,
          "_timeout": 2000
        }
      ],
      "passes": [],
      "failures": [],
      "pending": [],
      "skipped": [],
      "duration": 0,
      "root": true,
      "rootEmpty": true,
      "_timeout": 2000
    }
  ],
  "meta": {
    "mocha": {
      "version": "7.0.1"
    },
    "mochawesome": {
      "options": {
        "quiet": false,
        "reportFilename": "mochawesome",
        "saveHtml": false,
        "saveJson": true,
        "consoleReporter": "spec",
        "useInlineDiffs": false,
        "code": true
      },
      "version": "6.2.1"
    },
    "marge": {
      "options": {
        "id": "default",
        "reportDir": "cypress/reports/mocha",
        "quite": true,
        "overwrite": false,
        "html": false,
        "json": true
      },
      "version": "5.1.0"
    }
  }
}