{
  "stats": {
    "suites": 1,
    "tests": 1,
    "passes": 0,
    "pending": 0,
    "failures": 1,
    "start": "2021-01-05T18:50:46.107Z",
    "end": "2021-01-05T18:50:46.468Z",
    "duration": 361,
    "testsRegistered": 1,
    "passPercent": 0,
    "pendingPercent": 0,
    "other": 0,
    "hasOther": false,
    "skipped": 0,
    "hasSkipped": false
  },
  "results": [
    {
      "uuid": "f564b77c-f3ca-4793-b891-0952681ec694",
      "title": "",
      "fullFile": "cypress/integration/examples/QAM/test10.spec.js",
      "file": "cypress/integration/examples/QAM/test10.spec.js",
      "beforeHooks": [],
      "afterHooks": [],
      "tests": [],
      "suites": [
        {
          "uuid": "f8ab3204-863e-44c4-bd4e-41f0b6fe545c",
          "title": "Login",
          "fullFile": "",
          "file": "",
          "beforeHooks": [],
          "afterHooks": [],
          "tests": [
            {
              "title": "Sign in",
              "fullTitle": "Login Sign in",
              "timedOut": null,
              "duration": 335,
              "state": "failed",
              "speed": null,
              "pass": false,
              "fail": true,
              "pending": false,
              "context": null,
              "code": "cy.visit('https://react-redux.realworld.io/#/login');\ncy.get('input[type=\"email\"]').type(this.user.email);\ncy.get('input[type=\"password\"]').type(this.user.password);\ncy.get('.btn').contains('Sign in').should('be.visible').click();",
              "err": {
                "message": "Error: A fixture file could not be found at any of the following paths:\n\n> cypress/fixtures/userLoginDetails\n> cypress/fixtures/userLoginDetails{{extension}}\n\nCypress looked for these file extensions at the provided path:\n\n> .json, .js, .coffee, .html, .txt, .csv, .png, .jpg, .jpeg, .gif, .tif, .tiff, .zip\n\nProvide a path to an existing fixture file.\n\nBecause this error occurred during a `before each` hook we are skipping the remaining tests in the current suite: `Login`",
                "estack": "Error: A fixture file could not be found at any of the following paths:\n\n> cypress/fixtures/userLoginDetails\n> cypress/fixtures/userLoginDetails{{extension}}\n\nCypress looked for these file extensions at the provided path:\n\n> .json, .js, .coffee, .html, .txt, .csv, .png, .jpg, .jpeg, .gif, .tif, .tiff, .zip\n\nProvide a path to an existing fixture file.\n\nBecause this error occurred during a `before each` hook we are skipping the remaining tests in the current suite: `Login`\n    at get (/Users/hvaandres/Library/Caches/Cypress/6.2.1/Cypress.app/Contents/Resources/app/packages/server/lib/errors.js:961:15)\n    at Object.throwErr [as throw] (/Users/hvaandres/Library/Caches/Cypress/6.2.1/Cypress.app/Contents/Resources/app/packages/server/lib/errors.js:979:9)\n    at Object.<anonymous> (/Users/hvaandres/Library/Caches/Cypress/6.2.1/Cypress.app/Contents/Resources/app/packages/server/lib/fixture.js:63:23)\n    at Object.tryCatcher (/Users/hvaandres/Library/Caches/Cypress/6.2.1/Cypress.app/Contents/Resources/app/packages/server/node_modules/bluebird/js/release/util.js:16:23)\n    at Promise._settlePromiseFromHandler (/Users/hvaandres/Library/Caches/Cypress/6.2.1/Cypress.app/Contents/Resources/app/packages/server/node_modules/bluebird/js/release/promise.js:547:31)\n    at Promise._settlePromise (/Users/hvaandres/Library/Caches/Cypress/6.2.1/Cypress.app/Contents/Resources/app/packages/server/node_modules/bluebird/js/release/promise.js:604:18)\n    at Promise._settlePromise0 (/Users/hvaandres/Library/Caches/Cypress/6.2.1/Cypress.app/Contents/Resources/app/packages/server/node_modules/bluebird/js/release/promise.js:649:10)\n    at Promise._settlePromises (/Users/hvaandres/Library/Caches/Cypress/6.2.1/Cypress.app/Contents/Resources/app/packages/server/node_modules/bluebird/js/release/promise.js:729:18)\n    at Promise._fulfill (/Users/hvaandres/Library/Caches/Cypress/6.2.1/Cypress.app/Contents/Resources/app/packages/server/node_modules/bluebird/js/release/promise.js:673:18)\n    at /Users/hvaandres/Library/Caches/Cypress/6.2.1/Cypress.app/Contents/Resources/app/packages/server/node_modules/bluebird/js/release/nodeback.js:42:21\n    at f (/Users/hvaandres/Library/Caches/Cypress/6.2.1/Cypress.app/Contents/Resources/app/packages/server/node_modules/once/once.js:25:25)\n    at Glob.<anonymous> (/Users/hvaandres/Library/Caches/Cypress/6.2.1/Cypress.app/Contents/Resources/app/packages/server/node_modules/glob/glob.js:151:7)\n    at Glob.emit (events.js:315:20)\n    at Glob._finish (/Users/hvaandres/Library/Caches/Cypress/6.2.1/Cypress.app/Contents/Resources/app/packages/server/node_modules/glob/glob.js:197:8)\n    at done (/Users/hvaandres/Library/Caches/Cypress/6.2.1/Cypress.app/Contents/Resources/app/packages/server/node_modules/glob/glob.js:182:14)\n    at Glob._processSimple2 (/Users/hvaandres/Library/Caches/Cypress/6.2.1/Cypress.app/Contents/Resources/app/packages/server/node_modules/glob/glob.js:688:12)\n    at /Users/hvaandres/Library/Caches/Cypress/6.2.1/Cypress.app/Contents/Resources/app/packages/server/node_modules/glob/glob.js:676:10\n    at Glob._stat2 (/Users/hvaandres/Library/Caches/Cypress/6.2.1/Cypress.app/Contents/Resources/app/packages/server/node_modules/glob/glob.js:772:12)\n    at lstatcb_ (/Users/hvaandres/Library/Caches/Cypress/6.2.1/Cypress.app/Contents/Resources/app/packages/server/node_modules/glob/glob.js:764:12)\n    at RES (/Users/hvaandres/Library/Caches/Cypress/6.2.1/Cypress.app/Contents/Resources/app/packages/server/node_modules/inflight/inflight.js:31:16)\n    at f (/Users/hvaandres/Library/Caches/Cypress/6.2.1/Cypress.app/Contents/Resources/app/packages/server/node_modules/once/once.js:25:25)\n    at callback (/Users/hvaandres/Library/Caches/Cypress/6.2.1/Cypress.app/Contents/Resources/app/packages/server/node_modules/graceful-fs/polyfills.js:289:20)\n    at FSReqCallback.oncomplete (fs.js:172:21)\n",
                "diff": null
              },
              "uuid": "e69bf6c0-fcbf-49c0-a041-a042b465b07f",
              "parentUUID": "f8ab3204-863e-44c4-bd4e-41f0b6fe545c",
              "isHook": false,
              "skipped": false
            }
          ],
          "suites": [],
          "passes": [],
          "failures": [
            "e69bf6c0-fcbf-49c0-a041-a042b465b07f"
          ],
          "pending": [],
          "skipped": [],
          "duration": 335,
          "root": false,
          "rootEmpty": false,
          "_timeout": 2000
        }
      ],
      "passes": [],
      "failures": [],
      "pending": [],
      "skipped": [],
      "duration": 0,
      "root": true,
      "rootEmpty": true,
      "_timeout": 2000
    }
  ],
  "meta": {
    "mocha": {
      "version": "7.0.1"
    },
    "mochawesome": {
      "options": {
        "quiet": false,
        "reportFilename": "mochawesome",
        "saveHtml": false,
        "saveJson": true,
        "consoleReporter": "spec",
        "useInlineDiffs": false,
        "code": true
      },
      "version": "6.2.1"
    },
    "marge": {
      "options": {
        "id": "default",
        "reportDir": "cypress/reports/mocha",
        "quite": true,
        "overwrite": false,
        "html": false,
        "json": true
      },
      "version": "5.1.0"
    }
  }
}