{
  "stats": {
    "suites": 1,
    "tests": 2,
    "passes": 1,
    "pending": 0,
    "failures": 1,
    "start": "2021-01-05T18:50:48.660Z",
    "end": "2021-01-05T18:50:53.037Z",
    "duration": 4377,
    "testsRegistered": 2,
    "passPercent": 50,
    "pendingPercent": 0,
    "other": 0,
    "hasOther": false,
    "skipped": 0,
    "hasSkipped": false
  },
  "results": [
    {
      "uuid": "099d49a6-277d-4b28-a6f7-889cf4e79012",
      "title": "",
      "fullFile": "cypress/integration/examples/QAM/test11.spec.js",
      "file": "cypress/integration/examples/QAM/test11.spec.js",
      "beforeHooks": [],
      "afterHooks": [],
      "tests": [],
      "suites": [
        {
          "uuid": "3ebbc540-1aa9-446e-9d59-13f1299ab672",
          "title": "Read-Write files content",
          "fullFile": "",
          "file": "",
          "beforeHooks": [],
          "afterHooks": [],
          "tests": [
            {
              "title": "Write to a file",
              "fullTitle": "Read-Write files content Write to a file",
              "timedOut": null,
              "duration": 35,
              "state": "passed",
              "speed": "fast",
              "pass": true,
              "fail": false,
              "pending": false,
              "context": null,
              "code": "cy.writeFile('sampleFile.txt', 'Hello World\\n');\ncy.writeFile('sampleFile.txt', 'I am Bushra', {\n  flag: 'a+'\n});",
              "err": {},
              "uuid": "d49e050e-091b-4e80-90cf-525e5ea705d7",
              "parentUUID": "3ebbc540-1aa9-446e-9d59-13f1299ab672",
              "isHook": false,
              "skipped": false
            },
            {
              "title": "Read from a file",
              "fullTitle": "Read-Write files content Read from a file",
              "timedOut": null,
              "duration": 4299,
              "state": "failed",
              "speed": null,
              "pass": false,
              "fail": true,
              "pending": false,
              "context": null,
              "code": "cy.readFile('sampleFile').should('contains', 'Hello World');",
              "err": {
                "message": "AssertionError: Timed out retrying after 4000ms: `cy.readFile(\"sampleFile\")` failed because the file does not exist at the following path:\n\n`/Users/hvaandres/Desktop/Automation/Cypress_Pipeline/sampleFile`\n\nhttps://on.cypress.io/readfile",
                "estack": "AssertionError: Timed out retrying after 4000ms: `cy.readFile(\"sampleFile\")` failed because the file does not exist at the following path:\n\n`/Users/hvaandres/Desktop/Automation/Cypress_Pipeline/sampleFile`\n\nhttps://on.cypress.io/readfile\n    at Context.eval (https://react-redux.realworld.io/__cypress/tests?p=cypress/integration/examples/QAM/test11.spec.js:107:31)",
                "diff": null
              },
              "uuid": "5f9c1906-b377-4dbc-a08e-25603951534e",
              "parentUUID": "3ebbc540-1aa9-446e-9d59-13f1299ab672",
              "isHook": false,
              "skipped": false
            }
          ],
          "suites": [],
          "passes": [
            "d49e050e-091b-4e80-90cf-525e5ea705d7"
          ],
          "failures": [
            "5f9c1906-b377-4dbc-a08e-25603951534e"
          ],
          "pending": [],
          "skipped": [],
          "duration": 4334,
          "root": false,
          "rootEmpty": false,
          "_timeout": 2000
        }
      ],
      "passes": [],
      "failures": [],
      "pending": [],
      "skipped": [],
      "duration": 0,
      "root": true,
      "rootEmpty": true,
      "_timeout": 2000
    }
  ],
  "meta": {
    "mocha": {
      "version": "7.0.1"
    },
    "mochawesome": {
      "options": {
        "quiet": false,
        "reportFilename": "mochawesome",
        "saveHtml": false,
        "saveJson": true,
        "consoleReporter": "spec",
        "useInlineDiffs": false,
        "code": true
      },
      "version": "6.2.1"
    },
    "marge": {
      "options": {
        "id": "default",
        "reportDir": "cypress/reports/mocha",
        "quite": true,
        "overwrite": false,
        "html": false,
        "json": true
      },
      "version": "5.1.0"
    }
  }
}