{
  "stats": {
    "suites": 21,
    "tests": 90,
    "passes": 74,
    "pending": 0,
    "failures": 13,
    "start": "2021-01-05T18:49:22.161Z",
    "end": "2021-01-05T18:52:57.480Z",
    "duration": 119530,
    "testsRegistered": 90,
    "passPercent": 82.22222222222223,
    "pendingPercent": 0,
    "other": 0,
    "hasOther": false,
    "skipped": 3,
    "hasSkipped": true
  },
  "results": [
    {
      "uuid": "cc154b05-4050-4a90-b722-d8fc109cc013",
      "title": "",
      "fullFile": "cypress/integration/examples/actions.spec.js",
      "file": "cypress/integration/examples/actions.spec.js",
      "beforeHooks": [],
      "afterHooks": [],
      "tests": [],
      "suites": [
        {
          "uuid": "1ad06cac-597c-4910-9396-a8fe71715e4b",
          "title": "Actions",
          "fullFile": "",
          "file": "",
          "beforeHooks": [],
          "afterHooks": [],
          "tests": [
            {
              "title": ".type() - type into a DOM element",
              "fullTitle": "Actions .type() - type into a DOM element",
              "timedOut": null,
              "duration": 4245,
              "state": "passed",
              "speed": "slow",
              "pass": true,
              "fail": false,
              "pending": false,
              "context": null,
              "code": "// https://on.cypress.io/type\ncy.get('.action-email').type('fake@email.com').should('have.value', 'fake@email.com') // .type() with special character sequences\n.type('{leftarrow}{rightarrow}{uparrow}{downarrow}').type('{del}{selectall}{backspace}') // .type() with key modifiers\n.type('{alt}{option}') //these are equivalent\n.type('{ctrl}{control}') //these are equivalent\n.type('{meta}{command}{cmd}') //these are equivalent\n.type('{shift}') // Delay each keypress by 0.1 sec\n.type('slow.typing@email.com', {\n  delay: 100\n}).should('have.value', 'slow.typing@email.com');\ncy.get('.action-disabled') // Ignore error checking prior to type\n// like whether the input is visible or disabled\n.type('disabled error checking', {\n  force: true\n}).should('have.value', 'disabled error checking');",
              "err": {},
              "uuid": "cbd79dda-c764-4eac-b5d3-b04ba3ef8fdf",
              "parentUUID": "1ad06cac-597c-4910-9396-a8fe71715e4b",
              "isHook": false,
              "skipped": false
            },
            {
              "title": ".focus() - focus on a DOM element",
              "fullTitle": "Actions .focus() - focus on a DOM element",
              "timedOut": null,
              "duration": 307,
              "state": "passed",
              "speed": "slow",
              "pass": true,
              "fail": false,
              "pending": false,
              "context": null,
              "code": "// https://on.cypress.io/focus\ncy.get('.action-focus').focus().should('have.class', 'focus').prev().should('have.attr', 'style', 'color: orange;');",
              "err": {},
              "uuid": "b1b6b89b-45f4-436c-ac86-6f4bf125947b",
              "parentUUID": "1ad06cac-597c-4910-9396-a8fe71715e4b",
              "isHook": false,
              "skipped": false
            },
            {
              "title": ".blur() - blur off a DOM element",
              "fullTitle": "Actions .blur() - blur off a DOM element",
              "timedOut": null,
              "duration": 475,
              "state": "passed",
              "speed": "slow",
              "pass": true,
              "fail": false,
              "pending": false,
              "context": null,
              "code": "// https://on.cypress.io/blur\ncy.get('.action-blur').type('About to blur').blur().should('have.class', 'error').prev().should('have.attr', 'style', 'color: red;');",
              "err": {},
              "uuid": "23aa862c-fb67-4250-8c3e-ec0c5d9171d9",
              "parentUUID": "1ad06cac-597c-4910-9396-a8fe71715e4b",
              "isHook": false,
              "skipped": false
            },
            {
              "title": ".clear() - clears an input or textarea element",
              "fullTitle": "Actions .clear() - clears an input or textarea element",
              "timedOut": null,
              "duration": 566,
              "state": "passed",
              "speed": "slow",
              "pass": true,
              "fail": false,
              "pending": false,
              "context": null,
              "code": "// https://on.cypress.io/clear\ncy.get('.action-clear').type('Clear this text').should('have.value', 'Clear this text').clear().should('have.value', '');",
              "err": {},
              "uuid": "46c12b56-0a48-467e-8de7-a2671ddce4c1",
              "parentUUID": "1ad06cac-597c-4910-9396-a8fe71715e4b",
              "isHook": false,
              "skipped": false
            },
            {
              "title": ".submit() - submit a form",
              "fullTitle": "Actions .submit() - submit a form",
              "timedOut": null,
              "duration": 433,
              "state": "passed",
              "speed": "slow",
              "pass": true,
              "fail": false,
              "pending": false,
              "context": null,
              "code": "// https://on.cypress.io/submit\ncy.get('.action-form').find('[type=\"text\"]').type('HALFOFF');\ncy.get('.action-form').submit().next().should('contain', 'Your form has been submitted!');",
              "err": {},
              "uuid": "101ecf41-cc9b-47cb-a141-9b901646ff71",
              "parentUUID": "1ad06cac-597c-4910-9396-a8fe71715e4b",
              "isHook": false,
              "skipped": false
            },
            {
              "title": ".click() - click on a DOM element",
              "fullTitle": "Actions .click() - click on a DOM element",
              "timedOut": null,
              "duration": 2153,
              "state": "passed",
              "speed": "slow",
              "pass": true,
              "fail": false,
              "pending": false,
              "context": null,
              "code": "// https://on.cypress.io/click\ncy.get('.action-btn').click(); // You can click on 9 specific positions of an element:\n//  -----------------------------------\n// | topLeft        top       topRight |\n// |                                   |\n// |                                   |\n// |                                   |\n// | left          center        right |\n// |                                   |\n// |                                   |\n// |                                   |\n// | bottomLeft   bottom   bottomRight |\n//  -----------------------------------\n// clicking in the center of the element is the default\ncy.get('#action-canvas').click();\ncy.get('#action-canvas').click('topLeft');\ncy.get('#action-canvas').click('top');\ncy.get('#action-canvas').click('topRight');\ncy.get('#action-canvas').click('left');\ncy.get('#action-canvas').click('right');\ncy.get('#action-canvas').click('bottomLeft');\ncy.get('#action-canvas').click('bottom');\ncy.get('#action-canvas').click('bottomRight'); // .click() accepts an x and y coordinate\n// that controls where the click occurs :)\ncy.get('#action-canvas').click(80, 75) // click 80px on x coord and 75px on y coord\n.click(170, 75).click(80, 165).click(100, 185).click(125, 190).click(150, 185).click(170, 165); // click multiple elements by passing multiple: true\ncy.get('.action-labels>.label').click({\n  multiple: true\n}); // Ignore error checking prior to clicking\ncy.get('.action-opacity>.btn').click({\n  force: true\n});",
              "err": {},
              "uuid": "fa38479f-6f14-4084-ab98-9457fb9a9a89",
              "parentUUID": "1ad06cac-597c-4910-9396-a8fe71715e4b",
              "isHook": false,
              "skipped": false
            },
            {
              "title": ".dblclick() - double click on a DOM element",
              "fullTitle": "Actions .dblclick() - double click on a DOM element",
              "timedOut": null,
              "duration": 272,
              "state": "passed",
              "speed": "slow",
              "pass": true,
              "fail": false,
              "pending": false,
              "context": null,
              "code": "// https://on.cypress.io/dblclick\n// Our app has a listener on 'dblclick' event in our 'scripts.js'\n// that hides the div and shows an input on double click\ncy.get('.action-div').dblclick().should('not.be.visible');\ncy.get('.action-input-hidden').should('be.visible');",
              "err": {},
              "uuid": "fff3ffd4-28c3-4497-b3ca-dd40e7281cd7",
              "parentUUID": "1ad06cac-597c-4910-9396-a8fe71715e4b",
              "isHook": false,
              "skipped": false
            },
            {
              "title": ".rightclick() - right click on a DOM element",
              "fullTitle": "Actions .rightclick() - right click on a DOM element",
              "timedOut": null,
              "duration": 236,
              "state": "passed",
              "speed": "slow",
              "pass": true,
              "fail": false,
              "pending": false,
              "context": null,
              "code": "// https://on.cypress.io/rightclick\n// Our app has a listener on 'contextmenu' event in our 'scripts.js'\n// that hides the div and shows an input on right click\ncy.get('.rightclick-action-div').rightclick().should('not.be.visible');\ncy.get('.rightclick-action-input-hidden').should('be.visible');",
              "err": {},
              "uuid": "7d74da4a-749d-41ef-8755-b195d1ba6cc1",
              "parentUUID": "1ad06cac-597c-4910-9396-a8fe71715e4b",
              "isHook": false,
              "skipped": false
            },
            {
              "title": ".check() - check a checkbox or radio element",
              "fullTitle": "Actions .check() - check a checkbox or radio element",
              "timedOut": null,
              "duration": 945,
              "state": "passed",
              "speed": "slow",
              "pass": true,
              "fail": false,
              "pending": false,
              "context": null,
              "code": "// https://on.cypress.io/check\n// By default, .check() will check all\n// matching checkbox or radio elements in succession, one after another\ncy.get('.action-checkboxes [type=\"checkbox\"]').not('[disabled]').check().should('be.checked');\ncy.get('.action-radios [type=\"radio\"]').not('[disabled]').check().should('be.checked'); // .check() accepts a value argument\ncy.get('.action-radios [type=\"radio\"]').check('radio1').should('be.checked'); // .check() accepts an array of values\ncy.get('.action-multiple-checkboxes [type=\"checkbox\"]').check(['checkbox1', 'checkbox2']).should('be.checked'); // Ignore error checking prior to checking\ncy.get('.action-checkboxes [disabled]').check({\n  force: true\n}).should('be.checked');\ncy.get('.action-radios [type=\"radio\"]').check('radio3', {\n  force: true\n}).should('be.checked');",
              "err": {},
              "uuid": "16b12f04-f65c-4a28-a6e2-ce05c334a3ef",
              "parentUUID": "1ad06cac-597c-4910-9396-a8fe71715e4b",
              "isHook": false,
              "skipped": false
            },
            {
              "title": ".uncheck() - uncheck a checkbox element",
              "fullTitle": "Actions .uncheck() - uncheck a checkbox element",
              "timedOut": null,
              "duration": 942,
              "state": "passed",
              "speed": "slow",
              "pass": true,
              "fail": false,
              "pending": false,
              "context": null,
              "code": "// https://on.cypress.io/uncheck\n// By default, .uncheck() will uncheck all matching\n// checkbox elements in succession, one after another\ncy.get('.action-check [type=\"checkbox\"]').not('[disabled]').uncheck().should('not.be.checked'); // .uncheck() accepts a value argument\ncy.get('.action-check [type=\"checkbox\"]').check('checkbox1').uncheck('checkbox1').should('not.be.checked'); // .uncheck() accepts an array of values\ncy.get('.action-check [type=\"checkbox\"]').check(['checkbox1', 'checkbox3']).uncheck(['checkbox1', 'checkbox3']).should('not.be.checked'); // Ignore error checking prior to unchecking\ncy.get('.action-check [disabled]').uncheck({\n  force: true\n}).should('not.be.checked');",
              "err": {},
              "uuid": "277a4768-2069-4231-85b9-c92bcf381d89",
              "parentUUID": "1ad06cac-597c-4910-9396-a8fe71715e4b",
              "isHook": false,
              "skipped": false
            },
            {
              "title": ".select() - select an option in a <select> element",
              "fullTitle": "Actions .select() - select an option in a <select> element",
              "timedOut": null,
              "duration": 996,
              "state": "passed",
              "speed": "slow",
              "pass": true,
              "fail": false,
              "pending": false,
              "context": null,
              "code": "// https://on.cypress.io/select\n// at first, no option should be selected\ncy.get('.action-select').should('have.value', '--Select a fruit--'); // Select option(s) with matching text content\ncy.get('.action-select').select('apples'); // confirm the apples were selected\n// note that each value starts with \"fr-\" in our HTML\ncy.get('.action-select').should('have.value', 'fr-apples');\ncy.get('.action-select-multiple').select(['apples', 'oranges', 'bananas']) // when getting multiple values, invoke \"val\" method first\n.invoke('val').should('deep.equal', ['fr-apples', 'fr-oranges', 'fr-bananas']); // Select option(s) with matching value\ncy.get('.action-select').select('fr-bananas') // can attach an assertion right away to the element\n.should('have.value', 'fr-bananas');\ncy.get('.action-select-multiple').select(['fr-apples', 'fr-oranges', 'fr-bananas']).invoke('val').should('deep.equal', ['fr-apples', 'fr-oranges', 'fr-bananas']); // assert the selected values include oranges\ncy.get('.action-select-multiple').invoke('val').should('include', 'fr-oranges');",
              "err": {},
              "uuid": "77e45bda-683e-417f-b42e-c1318bb11348",
              "parentUUID": "1ad06cac-597c-4910-9396-a8fe71715e4b",
              "isHook": false,
              "skipped": false
            },
            {
              "title": ".scrollIntoView() - scroll an element into view",
              "fullTitle": "Actions .scrollIntoView() - scroll an element into view",
              "timedOut": null,
              "duration": 215,
              "state": "passed",
              "speed": "slow",
              "pass": true,
              "fail": false,
              "pending": false,
              "context": null,
              "code": "// https://on.cypress.io/scrollintoview\n// normally all of these buttons are hidden,\n// because they're not within\n// the viewable area of their parent\n// (we need to scroll to see them)\ncy.get('#scroll-horizontal button').should('not.be.visible'); // scroll the button into view, as if the user had scrolled\ncy.get('#scroll-horizontal button').scrollIntoView().should('be.visible');\ncy.get('#scroll-vertical button').should('not.be.visible'); // Cypress handles the scroll direction needed\ncy.get('#scroll-vertical button').scrollIntoView().should('be.visible');\ncy.get('#scroll-both button').should('not.be.visible'); // Cypress knows to scroll to the right and down\ncy.get('#scroll-both button').scrollIntoView().should('be.visible');",
              "err": {},
              "uuid": "c473fc02-a689-4051-a7e7-bcfbbc1d2007",
              "parentUUID": "1ad06cac-597c-4910-9396-a8fe71715e4b",
              "isHook": false,
              "skipped": false
            },
            {
              "title": ".trigger() - trigger an event on a DOM element",
              "fullTitle": "Actions .trigger() - trigger an event on a DOM element",
              "timedOut": null,
              "duration": 188,
              "state": "passed",
              "speed": "slow",
              "pass": true,
              "fail": false,
              "pending": false,
              "context": null,
              "code": "// https://on.cypress.io/trigger\n// To interact with a range input (slider)\n// we need to set its value & trigger the\n// event to signal it changed\n// Here, we invoke jQuery's val() method to set\n// the value and trigger the 'change' event\ncy.get('.trigger-input-range').invoke('val', 25).trigger('change').get('input[type=range]').siblings('p').should('have.text', '25');",
              "err": {},
              "uuid": "3169c4c4-7d50-4598-8de2-8b5ac9ab6e4c",
              "parentUUID": "1ad06cac-597c-4910-9396-a8fe71715e4b",
              "isHook": false,
              "skipped": false
            },
            {
              "title": "cy.scrollTo() - scroll the window or element to a position",
              "fullTitle": "Actions cy.scrollTo() - scroll the window or element to a position",
              "timedOut": null,
              "duration": 2140,
              "state": "passed",
              "speed": "slow",
              "pass": true,
              "fail": false,
              "pending": false,
              "context": null,
              "code": "// https://on.cypress.io/scrollto\n// You can scroll to 9 specific positions of an element:\n//  -----------------------------------\n// | topLeft        top       topRight |\n// |                                   |\n// |                                   |\n// |                                   |\n// | left          center        right |\n// |                                   |\n// |                                   |\n// |                                   |\n// | bottomLeft   bottom   bottomRight |\n//  -----------------------------------\n// if you chain .scrollTo() off of cy, we will\n// scroll the entire window\ncy.scrollTo('bottom');\ncy.get('#scrollable-horizontal').scrollTo('right'); // or you can scroll to a specific coordinate:\n// (x axis, y axis) in pixels\ncy.get('#scrollable-vertical').scrollTo(250, 250); // or you can scroll to a specific percentage\n// of the (width, height) of the element\ncy.get('#scrollable-both').scrollTo('75%', '25%'); // control the easing of the scroll (default is 'swing')\ncy.get('#scrollable-vertical').scrollTo('center', {\n  easing: 'linear'\n}); // control the duration of the scroll (in ms)\ncy.get('#scrollable-both').scrollTo('center', {\n  duration: 2000\n});",
              "err": {},
              "uuid": "dcafabbc-5f02-4bcf-a59f-45624dc7f87b",
              "parentUUID": "1ad06cac-597c-4910-9396-a8fe71715e4b",
              "isHook": false,
              "skipped": false
            }
          ],
          "suites": [],
          "passes": [
            "cbd79dda-c764-4eac-b5d3-b04ba3ef8fdf",
            "b1b6b89b-45f4-436c-ac86-6f4bf125947b",
            "23aa862c-fb67-4250-8c3e-ec0c5d9171d9",
            "46c12b56-0a48-467e-8de7-a2671ddce4c1",
            "101ecf41-cc9b-47cb-a141-9b901646ff71",
            "fa38479f-6f14-4084-ab98-9457fb9a9a89",
            "fff3ffd4-28c3-4497-b3ca-dd40e7281cd7",
            "7d74da4a-749d-41ef-8755-b195d1ba6cc1",
            "16b12f04-f65c-4a28-a6e2-ce05c334a3ef",
            "277a4768-2069-4231-85b9-c92bcf381d89",
            "77e45bda-683e-417f-b42e-c1318bb11348",
            "c473fc02-a689-4051-a7e7-bcfbbc1d2007",
            "3169c4c4-7d50-4598-8de2-8b5ac9ab6e4c",
            "dcafabbc-5f02-4bcf-a59f-45624dc7f87b"
          ],
          "failures": [],
          "pending": [],
          "skipped": [],
          "duration": 14113,
          "root": false,
          "rootEmpty": false,
          "_timeout": 2000
        }
      ],
      "passes": [],
      "failures": [],
      "pending": [],
      "skipped": [],
      "duration": 0,
      "root": true,
      "rootEmpty": true,
      "_timeout": 2000
    },
    {
      "uuid": "6fdab595-c8a7-469d-8555-3823bb7600d4",
      "title": "",
      "fullFile": "cypress/integration/examples/aliasing.spec.js",
      "file": "cypress/integration/examples/aliasing.spec.js",
      "beforeHooks": [],
      "afterHooks": [],
      "tests": [],
      "suites": [
        {
          "uuid": "23a72d7b-80a9-43ac-aafa-0f0fb630e846",
          "title": "Aliasing",
          "fullFile": "",
          "file": "",
          "beforeHooks": [],
          "afterHooks": [],
          "tests": [
            {
              "title": ".as() - alias a DOM element for later use",
              "fullTitle": "Aliasing .as() - alias a DOM element for later use",
              "timedOut": null,
              "duration": 420,
              "state": "passed",
              "speed": "slow",
              "pass": true,
              "fail": false,
              "pending": false,
              "context": null,
              "code": "// https://on.cypress.io/as\n// Alias a DOM element for use later\n// We don't have to traverse to the element\n// later in our code, we reference it with @\ncy.get('.as-table').find('tbody>tr').first().find('td').first().find('button').as('firstBtn'); // when we reference the alias, we place an\n// @ in front of its name\ncy.get('@firstBtn').click();\ncy.get('@firstBtn').should('have.class', 'btn-success').and('contain', 'Changed');",
              "err": {},
              "uuid": "c475ab4c-cd20-4ba8-9150-8b657e843737",
              "parentUUID": "23a72d7b-80a9-43ac-aafa-0f0fb630e846",
              "isHook": false,
              "skipped": false
            },
            {
              "title": ".as() - alias a route for later use",
              "fullTitle": "Aliasing .as() - alias a route for later use",
              "timedOut": null,
              "duration": 791,
              "state": "passed",
              "speed": "slow",
              "pass": true,
              "fail": false,
              "pending": false,
              "context": null,
              "code": "// Alias the route to wait for its response\ncy.intercept('GET', '**/comments/*').as('getComment'); // we have code that gets a comment when\n// the button is clicked in scripts.js\ncy.get('.network-btn').click(); // https://on.cypress.io/wait\ncy.wait('@getComment').its('response.statusCode').should('eq', 200);",
              "err": {},
              "uuid": "edf11393-c194-4935-8d8f-d851197659aa",
              "parentUUID": "23a72d7b-80a9-43ac-aafa-0f0fb630e846",
              "isHook": false,
              "skipped": false
            }
          ],
          "suites": [],
          "passes": [
            "c475ab4c-cd20-4ba8-9150-8b657e843737",
            "edf11393-c194-4935-8d8f-d851197659aa"
          ],
          "failures": [],
          "pending": [],
          "skipped": [],
          "duration": 1211,
          "root": false,
          "rootEmpty": false,
          "_timeout": 2000
        }
      ],
      "passes": [],
      "failures": [],
      "pending": [],
      "skipped": [],
      "duration": 0,
      "root": true,
      "rootEmpty": true,
      "_timeout": 2000
    },
    {
      "uuid": "d4a67173-60b1-4e02-9719-95891c3957c3",
      "title": "",
      "fullFile": "cypress/integration/examples/assertions.spec.js",
      "file": "cypress/integration/examples/assertions.spec.js",
      "beforeHooks": [],
      "afterHooks": [],
      "tests": [],
      "suites": [
        {
          "uuid": "49e9b156-3dc1-443d-b9f8-7e4ee2e84914",
          "title": "Assertions",
          "fullFile": "",
          "file": "",
          "beforeHooks": [],
          "afterHooks": [],
          "tests": [],
          "suites": [
            {
              "uuid": "958a7218-0563-42db-a592-c5aad75c7edd",
              "title": "Implicit Assertions",
              "fullFile": "",
              "file": "",
              "beforeHooks": [],
              "afterHooks": [],
              "tests": [
                {
                  "title": ".should() - make an assertion about the current subject",
                  "fullTitle": "Assertions Implicit Assertions .should() - make an assertion about the current subject",
                  "timedOut": null,
                  "duration": 373,
                  "state": "passed",
                  "speed": "slow",
                  "pass": true,
                  "fail": false,
                  "pending": false,
                  "context": null,
                  "code": "// https://on.cypress.io/should\ncy.get('.assertion-table').find('tbody tr:last').should('have.class', 'success').find('td').first() // checking the text of the <td> element in various ways\n.should('have.text', 'Column content').should('contain', 'Column content').should('have.html', 'Column content') // chai-jquery uses \"is()\" to check if element matches selector\n.should('match', 'td') // to match text content against a regular expression\n// first need to invoke jQuery method text()\n// and then match using regular expression\n.invoke('text').should('match', /column content/i); // a better way to check element's text content against a regular expression\n// is to use \"cy.contains\"\n// https://on.cypress.io/contains\ncy.get('.assertion-table').find('tbody tr:last') // finds first <td> element with text content matching regular expression\n.contains('td', /column content/i).should('be.visible'); // for more information about asserting element's text\n// see https://on.cypress.io/using-cypress-faq#How-do-I-get-an-element’s-text-contents",
                  "err": {},
                  "uuid": "de6fd9b5-9162-45c9-8987-28334b732549",
                  "parentUUID": "958a7218-0563-42db-a592-c5aad75c7edd",
                  "isHook": false,
                  "skipped": false
                },
                {
                  "title": ".and() - chain multiple assertions together",
                  "fullTitle": "Assertions Implicit Assertions .and() - chain multiple assertions together",
                  "timedOut": null,
                  "duration": 130,
                  "state": "passed",
                  "speed": "slow",
                  "pass": true,
                  "fail": false,
                  "pending": false,
                  "context": null,
                  "code": "// https://on.cypress.io/and\ncy.get('.assertions-link').should('have.class', 'active').and('have.attr', 'href').and('include', 'cypress.io');",
                  "err": {},
                  "uuid": "2e685b87-370d-49e8-ad85-f9aa2f88acbb",
                  "parentUUID": "958a7218-0563-42db-a592-c5aad75c7edd",
                  "isHook": false,
                  "skipped": false
                }
              ],
              "suites": [],
              "passes": [
                "de6fd9b5-9162-45c9-8987-28334b732549",
                "2e685b87-370d-49e8-ad85-f9aa2f88acbb"
              ],
              "failures": [],
              "pending": [],
              "skipped": [],
              "duration": 503,
              "root": false,
              "rootEmpty": false,
              "_timeout": 2000
            },
            {
              "uuid": "bcafbe65-3bba-4f59-b100-d14aebe1a280",
              "title": "Explicit Assertions",
              "fullFile": "",
              "file": "",
              "beforeHooks": [],
              "afterHooks": [],
              "tests": [
                {
                  "title": "expect - make an assertion about a specified subject",
                  "fullTitle": "Assertions Explicit Assertions expect - make an assertion about a specified subject",
                  "timedOut": null,
                  "duration": 126,
                  "state": "passed",
                  "speed": "slow",
                  "pass": true,
                  "fail": false,
                  "pending": false,
                  "context": null,
                  "code": "// We can use Chai's BDD style assertions\nexpect(true).to.be[\"true\"];\nvar o = {\n  foo: 'bar'\n};\nexpect(o).to.equal(o);\nexpect(o).to.deep.equal({\n  foo: 'bar'\n}); // matching text using regular expression\nexpect('FooBar').to.match(/bar$/i);",
                  "err": {},
                  "uuid": "40728a1c-6ba7-400b-877e-53abdb092a90",
                  "parentUUID": "bcafbe65-3bba-4f59-b100-d14aebe1a280",
                  "isHook": false,
                  "skipped": false
                },
                {
                  "title": "pass your own callback function to should()",
                  "fullTitle": "Assertions Explicit Assertions pass your own callback function to should()",
                  "timedOut": null,
                  "duration": 160,
                  "state": "passed",
                  "speed": "slow",
                  "pass": true,
                  "fail": false,
                  "pending": false,
                  "context": null,
                  "code": "// Pass a function to should that can have any number\n// of explicit assertions within it.\n// The \".should(cb)\" function will be retried\n// automatically until it passes all your explicit assertions or times out.\ncy.get('.assertions-p').find('p').should(function ($p) {\n  // https://on.cypress.io/$\n  // return an array of texts from all of the p's\n  // @ts-ignore TS6133 unused variable\n  var texts = $p.map(function (i, el) {\n    return Cypress.$(el).text();\n  }); // jquery map returns jquery object\n  // and .get() convert this to simple array\n  var paragraphs = texts.get(); // array should have length of 3\n  expect(paragraphs, 'has 3 paragraphs').to.have.length(3); // use second argument to expect(...) to provide clear\n  // message with each assertion\n  expect(paragraphs, 'has expected text in each paragraph').to.deep.eq(['Some text from first p', 'More text from second p', 'And even more text from third p']);\n});",
                  "err": {},
                  "uuid": "9c1515a4-7e6f-480a-ba48-6948e32254d7",
                  "parentUUID": "bcafbe65-3bba-4f59-b100-d14aebe1a280",
                  "isHook": false,
                  "skipped": false
                },
                {
                  "title": "finds element by class name regex",
                  "fullTitle": "Assertions Explicit Assertions finds element by class name regex",
                  "timedOut": null,
                  "duration": 146,
                  "state": "passed",
                  "speed": "slow",
                  "pass": true,
                  "fail": false,
                  "pending": false,
                  "context": null,
                  "code": "cy.get('.docs-header').find('div') // .should(cb) callback function will be retried\n.should(function ($div) {\n  expect($div).to.have.length(1);\n  var className = $div[0].className;\n  expect(className).to.match(/heading-/);\n}) // .then(cb) callback is not retried,\n// it either passes or fails\n.then(function ($div) {\n  expect($div, 'text content').to.have.text('Introduction');\n});",
                  "err": {},
                  "uuid": "083da215-71df-4c60-8196-8a3797ce46f9",
                  "parentUUID": "bcafbe65-3bba-4f59-b100-d14aebe1a280",
                  "isHook": false,
                  "skipped": false
                },
                {
                  "title": "can throw any error",
                  "fullTitle": "Assertions Explicit Assertions can throw any error",
                  "timedOut": null,
                  "duration": 141,
                  "state": "passed",
                  "speed": "slow",
                  "pass": true,
                  "fail": false,
                  "pending": false,
                  "context": null,
                  "code": "cy.get('.docs-header').find('div').should(function ($div) {\n  if ($div.length !== 1) {\n    // you can throw your own errors\n    throw new Error('Did not find 1 element');\n  }\n  var className = $div[0].className;\n  if (!className.match(/heading-/)) {\n    throw new Error(\"Could not find class \\\"heading-\\\" in \".concat(className));\n  }\n});",
                  "err": {},
                  "uuid": "18a43e2f-7dfa-49eb-b1f1-88ba22979645",
                  "parentUUID": "bcafbe65-3bba-4f59-b100-d14aebe1a280",
                  "isHook": false,
                  "skipped": false
                },
                {
                  "title": "matches unknown text between two elements",
                  "fullTitle": "Assertions Explicit Assertions matches unknown text between two elements",
                  "timedOut": null,
                  "duration": 146,
                  "state": "passed",
                  "speed": "slow",
                  "pass": true,
                  "fail": false,
                  "pending": false,
                  "context": null,
                  "code": "/**\n * Text from the first element.\n * @type {string}\n*/\nvar text;\n/**\n * Normalizes passed text,\n * useful before comparing text with spaces and different capitalization.\n * @param {string} s Text to normalize\n*/\nvar normalizeText = function normalizeText(s) {\n  return s.replace(/\\s/g, '').toLowerCase();\n};\ncy.get('.two-elements').find('.first').then(function ($first) {\n  // save text from the first element\n  text = normalizeText($first.text());\n});\ncy.get('.two-elements').find('.second').should(function ($div) {\n  // we can massage text before comparing\n  var secondText = normalizeText($div.text());\n  expect(secondText, 'second text').to.equal(text);\n});",
                  "err": {},
                  "uuid": "72c0adc7-e280-40ab-baf0-8fff807d0741",
                  "parentUUID": "bcafbe65-3bba-4f59-b100-d14aebe1a280",
                  "isHook": false,
                  "skipped": false
                },
                {
                  "title": "assert - assert shape of an object",
                  "fullTitle": "Assertions Explicit Assertions assert - assert shape of an object",
                  "timedOut": null,
                  "duration": 153,
                  "state": "passed",
                  "speed": "slow",
                  "pass": true,
                  "fail": false,
                  "pending": false,
                  "context": null,
                  "code": "var person = {\n  name: 'Joe',\n  age: 20\n};\nassert.isObject(person, 'value is object');",
                  "err": {},
                  "uuid": "62de08f5-64e9-4017-b29d-da3330e8fc95",
                  "parentUUID": "bcafbe65-3bba-4f59-b100-d14aebe1a280",
                  "isHook": false,
                  "skipped": false
                },
                {
                  "title": "retries the should callback until assertions pass",
                  "fullTitle": "Assertions Explicit Assertions retries the should callback until assertions pass",
                  "timedOut": null,
                  "duration": 1616,
                  "state": "passed",
                  "speed": "slow",
                  "pass": true,
                  "fail": false,
                  "pending": false,
                  "context": null,
                  "code": "cy.get('#random-number').should(function ($div) {\n  var n = parseFloat($div.text());\n  expect(n).to.be.gte(1).and.be.lte(10);\n});",
                  "err": {},
                  "uuid": "3b95bfc6-0fe8-458f-9d90-b3ff97e72ad7",
                  "parentUUID": "bcafbe65-3bba-4f59-b100-d14aebe1a280",
                  "isHook": false,
                  "skipped": false
                }
              ],
              "suites": [],
              "passes": [
                "40728a1c-6ba7-400b-877e-53abdb092a90",
                "9c1515a4-7e6f-480a-ba48-6948e32254d7",
                "083da215-71df-4c60-8196-8a3797ce46f9",
                "18a43e2f-7dfa-49eb-b1f1-88ba22979645",
                "72c0adc7-e280-40ab-baf0-8fff807d0741",
                "62de08f5-64e9-4017-b29d-da3330e8fc95",
                "3b95bfc6-0fe8-458f-9d90-b3ff97e72ad7"
              ],
              "failures": [],
              "pending": [],
              "skipped": [],
              "duration": 2488,
              "root": false,
              "rootEmpty": false,
              "_timeout": 2000
            }
          ],
          "passes": [],
          "failures": [],
          "pending": [],
          "skipped": [],
          "duration": 0,
          "root": false,
          "rootEmpty": false,
          "_timeout": 2000
        }
      ],
      "passes": [],
      "failures": [],
      "pending": [],
      "skipped": [],
      "duration": 0,
      "root": true,
      "rootEmpty": true,
      "_timeout": 2000
    },
    {
      "uuid": "fd96fcf4-6d93-49bd-8a93-7570f7b805c7",
      "title": "",
      "fullFile": "cypress/integration/examples/connectors.spec.js",
      "file": "cypress/integration/examples/connectors.spec.js",
      "beforeHooks": [],
      "afterHooks": [],
      "tests": [],
      "suites": [
        {
          "uuid": "50d3a269-8425-4ed1-8bfa-4efa1f06da80",
          "title": "Connectors",
          "fullFile": "",
          "file": "",
          "beforeHooks": [],
          "afterHooks": [],
          "tests": [
            {
              "title": ".each() - iterate over an array of elements",
              "fullTitle": "Connectors .each() - iterate over an array of elements",
              "timedOut": null,
              "duration": 336,
              "state": "passed",
              "speed": "slow",
              "pass": true,
              "fail": false,
              "pending": false,
              "context": null,
              "code": "// https://on.cypress.io/each\ncy.get('.connectors-each-ul>li').each(function ($el, index, $list) {\n  console.log($el, index, $list);\n});",
              "err": {},
              "uuid": "ee20af6a-db78-4def-85ce-dcea5f028fd7",
              "parentUUID": "50d3a269-8425-4ed1-8bfa-4efa1f06da80",
              "isHook": false,
              "skipped": false
            },
            {
              "title": ".its() - get properties on the current subject",
              "fullTitle": "Connectors .its() - get properties on the current subject",
              "timedOut": null,
              "duration": 143,
              "state": "passed",
              "speed": "slow",
              "pass": true,
              "fail": false,
              "pending": false,
              "context": null,
              "code": "// https://on.cypress.io/its\ncy.get('.connectors-its-ul>li') // calls the 'length' property yielding that value\n.its('length').should('be.gt', 2);",
              "err": {},
              "uuid": "765da34e-606a-42bd-a94c-bfba43953a27",
              "parentUUID": "50d3a269-8425-4ed1-8bfa-4efa1f06da80",
              "isHook": false,
              "skipped": false
            },
            {
              "title": ".invoke() - invoke a function on the current subject",
              "fullTitle": "Connectors .invoke() - invoke a function on the current subject",
              "timedOut": null,
              "duration": 121,
              "state": "passed",
              "speed": "slow",
              "pass": true,
              "fail": false,
              "pending": false,
              "context": null,
              "code": "// our div is hidden in our script.js\n// $('.connectors-div').hide()\n// https://on.cypress.io/invoke\ncy.get('.connectors-div').should('be.hidden') // call the jquery method 'show' on the 'div.container'\n.invoke('show').should('be.visible');",
              "err": {},
              "uuid": "ce6c7f71-e7f7-4f41-bb61-29d22d5f62b2",
              "parentUUID": "50d3a269-8425-4ed1-8bfa-4efa1f06da80",
              "isHook": false,
              "skipped": false
            },
            {
              "title": ".spread() - spread an array as individual args to callback function",
              "fullTitle": "Connectors .spread() - spread an array as individual args to callback function",
              "timedOut": null,
              "duration": 102,
              "state": "passed",
              "speed": "slow",
              "pass": true,
              "fail": false,
              "pending": false,
              "context": null,
              "code": "// https://on.cypress.io/spread\nvar arr = ['foo', 'bar', 'baz'];\ncy.wrap(arr).spread(function (foo, bar, baz) {\n  expect(foo).to.eq('foo');\n  expect(bar).to.eq('bar');\n  expect(baz).to.eq('baz');\n});",
              "err": {},
              "uuid": "9627ad94-d5df-4db5-a76e-7e63861be7d6",
              "parentUUID": "50d3a269-8425-4ed1-8bfa-4efa1f06da80",
              "isHook": false,
              "skipped": false
            }
          ],
          "suites": [
            {
              "uuid": "134c7ec8-ac94-4851-9b11-08f82b176b9b",
              "title": ".then()",
              "fullFile": "",
              "file": "",
              "beforeHooks": [],
              "afterHooks": [],
              "tests": [
                {
                  "title": "invokes a callback function with the current subject",
                  "fullTitle": "Connectors .then() invokes a callback function with the current subject",
                  "timedOut": null,
                  "duration": 153,
                  "state": "passed",
                  "speed": "slow",
                  "pass": true,
                  "fail": false,
                  "pending": false,
                  "context": null,
                  "code": "// https://on.cypress.io/then\ncy.get('.connectors-list > li').then(function ($lis) {\n  expect($lis, '3 items').to.have.length(3);\n  expect($lis.eq(0), 'first item').to.contain('Walk the dog');\n  expect($lis.eq(1), 'second item').to.contain('Feed the cat');\n  expect($lis.eq(2), 'third item').to.contain('Write JavaScript');\n});",
                  "err": {},
                  "uuid": "ade2b35c-e2a6-45d8-8b62-120e5089d4c4",
                  "parentUUID": "134c7ec8-ac94-4851-9b11-08f82b176b9b",
                  "isHook": false,
                  "skipped": false
                },
                {
                  "title": "yields the returned value to the next command",
                  "fullTitle": "Connectors .then() yields the returned value to the next command",
                  "timedOut": null,
                  "duration": 143,
                  "state": "passed",
                  "speed": "slow",
                  "pass": true,
                  "fail": false,
                  "pending": false,
                  "context": null,
                  "code": "cy.wrap(1).then(function (num) {\n  expect(num).to.equal(1);\n  return 2;\n}).then(function (num) {\n  expect(num).to.equal(2);\n});",
                  "err": {},
                  "uuid": "8e1ffc54-9a22-434b-8f0f-176619189692",
                  "parentUUID": "134c7ec8-ac94-4851-9b11-08f82b176b9b",
                  "isHook": false,
                  "skipped": false
                },
                {
                  "title": "yields the original subject without return",
                  "fullTitle": "Connectors .then() yields the original subject without return",
                  "timedOut": null,
                  "duration": 127,
                  "state": "passed",
                  "speed": "slow",
                  "pass": true,
                  "fail": false,
                  "pending": false,
                  "context": null,
                  "code": "cy.wrap(1).then(function (num) {\n  expect(num).to.equal(1); // note that nothing is returned from this callback\n}).then(function (num) {\n  // this callback receives the original unchanged value 1\n  expect(num).to.equal(1);\n});",
                  "err": {},
                  "uuid": "c40fc7aa-6840-43ea-9003-895f5625f71b",
                  "parentUUID": "134c7ec8-ac94-4851-9b11-08f82b176b9b",
                  "isHook": false,
                  "skipped": false
                },
                {
                  "title": "yields the value yielded by the last Cypress command inside",
                  "fullTitle": "Connectors .then() yields the value yielded by the last Cypress command inside",
                  "timedOut": null,
                  "duration": 134,
                  "state": "passed",
                  "speed": "slow",
                  "pass": true,
                  "fail": false,
                  "pending": false,
                  "context": null,
                  "code": "cy.wrap(1).then(function (num) {\n  expect(num).to.equal(1); // note how we run a Cypress command\n  // the result yielded by this Cypress command\n  // will be passed to the second \".then\"\n  cy.wrap(2);\n}).then(function (num) {\n  // this callback receives the value yielded by \"cy.wrap(2)\"\n  expect(num).to.equal(2);\n});",
                  "err": {},
                  "uuid": "8a17ff4f-79c8-42a0-803a-c0bda27b7376",
                  "parentUUID": "134c7ec8-ac94-4851-9b11-08f82b176b9b",
                  "isHook": false,
                  "skipped": false
                }
              ],
              "suites": [],
              "passes": [
                "ade2b35c-e2a6-45d8-8b62-120e5089d4c4",
                "8e1ffc54-9a22-434b-8f0f-176619189692",
                "c40fc7aa-6840-43ea-9003-895f5625f71b",
                "8a17ff4f-79c8-42a0-803a-c0bda27b7376"
              ],
              "failures": [],
              "pending": [],
              "skipped": [],
              "duration": 557,
              "root": false,
              "rootEmpty": false,
              "_timeout": 2000
            }
          ],
          "passes": [
            "ee20af6a-db78-4def-85ce-dcea5f028fd7",
            "765da34e-606a-42bd-a94c-bfba43953a27",
            "ce6c7f71-e7f7-4f41-bb61-29d22d5f62b2",
            "9627ad94-d5df-4db5-a76e-7e63861be7d6"
          ],
          "failures": [],
          "pending": [],
          "skipped": [],
          "duration": 702,
          "root": false,
          "rootEmpty": false,
          "_timeout": 2000
        }
      ],
      "passes": [],
      "failures": [],
      "pending": [],
      "skipped": [],
      "duration": 0,
      "root": true,
      "rootEmpty": true,
      "_timeout": 2000
    },
    {
      "uuid": "74a07160-dd5b-457c-bded-ff8319ef5fdf",
      "title": "",
      "fullFile": "cypress/integration/examples/cookies.spec.js",
      "file": "cypress/integration/examples/cookies.spec.js",
      "beforeHooks": [],
      "afterHooks": [],
      "tests": [],
      "suites": [
        {
          "uuid": "ff7353c8-fce7-4f36-899c-b7e517d45eca",
          "title": "Cookies",
          "fullFile": "",
          "file": "",
          "beforeHooks": [],
          "afterHooks": [],
          "tests": [
            {
              "title": "cy.getCookie() - get a browser cookie",
              "fullTitle": "Cookies cy.getCookie() - get a browser cookie",
              "timedOut": null,
              "duration": 398,
              "state": "passed",
              "speed": "slow",
              "pass": true,
              "fail": false,
              "pending": false,
              "context": null,
              "code": "// https://on.cypress.io/getcookie\ncy.get('#getCookie .set-a-cookie').click(); // cy.getCookie() yields a cookie object\ncy.getCookie('token').should('have.property', 'value', '123ABC');",
              "err": {},
              "uuid": "de8f7faa-1f13-4d7c-a8b5-37141434b3dd",
              "parentUUID": "ff7353c8-fce7-4f36-899c-b7e517d45eca",
              "isHook": false,
              "skipped": false
            },
            {
              "title": "cy.getCookies() - get browser cookies",
              "fullTitle": "Cookies cy.getCookies() - get browser cookies",
              "timedOut": null,
              "duration": 232,
              "state": "passed",
              "speed": "slow",
              "pass": true,
              "fail": false,
              "pending": false,
              "context": null,
              "code": "// https://on.cypress.io/getcookies\ncy.getCookies().should('be.empty');\ncy.get('#getCookies .set-a-cookie').click(); // cy.getCookies() yields an array of cookies\ncy.getCookies().should('have.length', 1).should(function (cookies) {\n  // each cookie has these properties\n  expect(cookies[0]).to.have.property('name', 'token');\n  expect(cookies[0]).to.have.property('value', '123ABC');\n  expect(cookies[0]).to.have.property('httpOnly', false);\n  expect(cookies[0]).to.have.property('secure', false);\n  expect(cookies[0]).to.have.property('domain');\n  expect(cookies[0]).to.have.property('path');\n});",
              "err": {},
              "uuid": "476bc54e-d936-4a4b-ad2f-033da94fbb67",
              "parentUUID": "ff7353c8-fce7-4f36-899c-b7e517d45eca",
              "isHook": false,
              "skipped": false
            },
            {
              "title": "cy.setCookie() - set a browser cookie",
              "fullTitle": "Cookies cy.setCookie() - set a browser cookie",
              "timedOut": null,
              "duration": 135,
              "state": "passed",
              "speed": "slow",
              "pass": true,
              "fail": false,
              "pending": false,
              "context": null,
              "code": "// https://on.cypress.io/setcookie\ncy.getCookies().should('be.empty');\ncy.setCookie('foo', 'bar'); // cy.getCookie() yields a cookie object\ncy.getCookie('foo').should('have.property', 'value', 'bar');",
              "err": {},
              "uuid": "88ba3f9c-ab2f-435c-9878-8b89e4d31161",
              "parentUUID": "ff7353c8-fce7-4f36-899c-b7e517d45eca",
              "isHook": false,
              "skipped": false
            },
            {
              "title": "cy.clearCookie() - clear a browser cookie",
              "fullTitle": "Cookies cy.clearCookie() - clear a browser cookie",
              "timedOut": null,
              "duration": 226,
              "state": "passed",
              "speed": "slow",
              "pass": true,
              "fail": false,
              "pending": false,
              "context": null,
              "code": "// https://on.cypress.io/clearcookie\ncy.getCookie('token').should('be.null');\ncy.get('#clearCookie .set-a-cookie').click();\ncy.getCookie('token').should('have.property', 'value', '123ABC'); // cy.clearCookies() yields null\ncy.clearCookie('token').should('be.null');\ncy.getCookie('token').should('be.null');",
              "err": {},
              "uuid": "b6376ff9-5ba7-4dda-bcbb-7ca616b8c53a",
              "parentUUID": "ff7353c8-fce7-4f36-899c-b7e517d45eca",
              "isHook": false,
              "skipped": false
            },
            {
              "title": "cy.clearCookies() - clear browser cookies",
              "fullTitle": "Cookies cy.clearCookies() - clear browser cookies",
              "timedOut": null,
              "duration": 254,
              "state": "passed",
              "speed": "slow",
              "pass": true,
              "fail": false,
              "pending": false,
              "context": null,
              "code": "// https://on.cypress.io/clearcookies\ncy.getCookies().should('be.empty');\ncy.get('#clearCookies .set-a-cookie').click();\ncy.getCookies().should('have.length', 1); // cy.clearCookies() yields null\ncy.clearCookies();\ncy.getCookies().should('be.empty');",
              "err": {},
              "uuid": "075478a8-8343-45e9-ae94-a446b645f6c6",
              "parentUUID": "ff7353c8-fce7-4f36-899c-b7e517d45eca",
              "isHook": false,
              "skipped": false
            }
          ],
          "suites": [],
          "passes": [
            "de8f7faa-1f13-4d7c-a8b5-37141434b3dd",
            "476bc54e-d936-4a4b-ad2f-033da94fbb67",
            "88ba3f9c-ab2f-435c-9878-8b89e4d31161",
            "b6376ff9-5ba7-4dda-bcbb-7ca616b8c53a",
            "075478a8-8343-45e9-ae94-a446b645f6c6"
          ],
          "failures": [],
          "pending": [],
          "skipped": [],
          "duration": 1245,
          "root": false,
          "rootEmpty": false,
          "_timeout": 2000
        }
      ],
      "passes": [],
      "failures": [],
      "pending": [],
      "skipped": [],
      "duration": 0,
      "root": true,
      "rootEmpty": true,
      "_timeout": 2000
    },
    {
      "uuid": "29f9e4d1-4b92-4e61-8ea5-6d0128610b73",
      "title": "",
      "fullFile": "cypress/integration/examples/cypress_api.spec.js",
      "file": "cypress/integration/examples/cypress_api.spec.js",
      "beforeHooks": [],
      "afterHooks": [],
      "tests": [],
      "suites": [
        {
          "uuid": "7c5568cc-2623-4a5b-8793-221a50ddaf35",
          "title": "Cypress.Commands",
          "fullFile": "",
          "file": "",
          "beforeHooks": [],
          "afterHooks": [],
          "tests": [
            {
              "title": ".add() - create a custom command",
              "fullTitle": "Cypress.Commands .add() - create a custom command",
              "timedOut": null,
              "duration": 273,
              "state": "passed",
              "speed": "slow",
              "pass": true,
              "fail": false,
              "pending": false,
              "context": null,
              "code": "Cypress.Commands.add('console', {\n  prevSubject: true\n}, function (subject, method) {\n  // the previous subject is automatically received\n  // and the commands arguments are shifted\n  // allow us to change the console method used\n  method = method || 'log'; // log the subject to the console\n  // @ts-ignore TS7017\n  console[method]('The subject is', subject); // whatever we return becomes the new subject\n  // we don't want to change the subject so\n  // we return whatever was passed in\n  return subject;\n}); // @ts-ignore TS2339\ncy.get('button').console('info').then(function ($button) {// subject is still $button\n});",
              "err": {},
              "uuid": "bcd5bc7a-269e-4a23-8890-3b31b76f0fe5",
              "parentUUID": "7c5568cc-2623-4a5b-8793-221a50ddaf35",
              "isHook": false,
              "skipped": false
            }
          ],
          "suites": [],
          "passes": [
            "bcd5bc7a-269e-4a23-8890-3b31b76f0fe5"
          ],
          "failures": [],
          "pending": [],
          "skipped": [],
          "duration": 273,
          "root": false,
          "rootEmpty": false,
          "_timeout": 2000
        },
        {
          "uuid": "fcbe156e-5061-4e92-b42d-fcf8356e1c5c",
          "title": "Cypress.Cookies",
          "fullFile": "",
          "file": "",
          "beforeHooks": [],
          "afterHooks": [],
          "tests": [
            {
              "title": ".debug() - enable or disable debugging",
              "fullTitle": "Cypress.Cookies .debug() - enable or disable debugging",
              "timedOut": null,
              "duration": 180,
              "state": "passed",
              "speed": "slow",
              "pass": true,
              "fail": false,
              "pending": false,
              "context": null,
              "code": "Cypress.Cookies.debug(true); // Cypress will now log in the console when\n// cookies are set or cleared\ncy.setCookie('fakeCookie', '123ABC');\ncy.clearCookie('fakeCookie');\ncy.setCookie('fakeCookie', '123ABC');\ncy.clearCookie('fakeCookie');\ncy.setCookie('fakeCookie', '123ABC');",
              "err": {},
              "uuid": "a5d83877-4c47-4c44-9d22-4543b0633c75",
              "parentUUID": "fcbe156e-5061-4e92-b42d-fcf8356e1c5c",
              "isHook": false,
              "skipped": false
            },
            {
              "title": ".preserveOnce() - preserve cookies by key",
              "fullTitle": "Cypress.Cookies .preserveOnce() - preserve cookies by key",
              "timedOut": null,
              "duration": 128,
              "state": "passed",
              "speed": "slow",
              "pass": true,
              "fail": false,
              "pending": false,
              "context": null,
              "code": "// normally cookies are reset after each test\ncy.getCookie('fakeCookie').should('not.be.ok'); // preserving a cookie will not clear it when\n// the next test starts\ncy.setCookie('lastCookie', '789XYZ');\nCypress.Cookies.preserveOnce('lastCookie');",
              "err": {},
              "uuid": "b670809f-8b9b-4bf4-8879-d5dab95f7f67",
              "parentUUID": "fcbe156e-5061-4e92-b42d-fcf8356e1c5c",
              "isHook": false,
              "skipped": false
            },
            {
              "title": ".defaults() - set defaults for all cookies",
              "fullTitle": "Cypress.Cookies .defaults() - set defaults for all cookies",
              "timedOut": null,
              "duration": 102,
              "state": "passed",
              "speed": "slow",
              "pass": true,
              "fail": false,
              "pending": false,
              "context": null,
              "code": "// now any cookie with the name 'session_id' will\n// not be cleared before each new test runs\nCypress.Cookies.defaults({\n  preserve: 'session_id'\n});",
              "err": {},
              "uuid": "bd0712ca-432a-4a20-ab90-413d1e61c29c",
              "parentUUID": "fcbe156e-5061-4e92-b42d-fcf8356e1c5c",
              "isHook": false,
              "skipped": false
            }
          ],
          "suites": [],
          "passes": [
            "a5d83877-4c47-4c44-9d22-4543b0633c75",
            "b670809f-8b9b-4bf4-8879-d5dab95f7f67",
            "bd0712ca-432a-4a20-ab90-413d1e61c29c"
          ],
          "failures": [],
          "pending": [],
          "skipped": [],
          "duration": 410,
          "root": false,
          "rootEmpty": false,
          "_timeout": 2000
        },
        {
          "uuid": "ba0c83ae-96cf-48ca-8e94-56107c7ed92b",
          "title": "Cypress.arch",
          "fullFile": "",
          "file": "",
          "beforeHooks": [],
          "afterHooks": [],
          "tests": [
            {
              "title": "Get CPU architecture name of underlying OS",
              "fullTitle": "Cypress.arch Get CPU architecture name of underlying OS",
              "timedOut": null,
              "duration": 108,
              "state": "passed",
              "speed": "slow",
              "pass": true,
              "fail": false,
              "pending": false,
              "context": null,
              "code": "// https://on.cypress.io/arch\nexpect(Cypress.arch).to.exist;",
              "err": {},
              "uuid": "9ae122bc-cdb9-437f-bf0a-cba86ca5c50c",
              "parentUUID": "ba0c83ae-96cf-48ca-8e94-56107c7ed92b",
              "isHook": false,
              "skipped": false
            }
          ],
          "suites": [],
          "passes": [
            "9ae122bc-cdb9-437f-bf0a-cba86ca5c50c"
          ],
          "failures": [],
          "pending": [],
          "skipped": [],
          "duration": 108,
          "root": false,
          "rootEmpty": false,
          "_timeout": 2000
        },
        {
          "uuid": "f082808c-89e6-4420-962c-cc2191173d17",
          "title": "Cypress.config()",
          "fullFile": "",
          "file": "",
          "beforeHooks": [],
          "afterHooks": [],
          "tests": [
            {
              "title": "Get and set configuration options",
              "fullTitle": "Cypress.config() Get and set configuration options",
              "timedOut": null,
              "duration": 482,
              "state": "failed",
              "speed": null,
              "pass": false,
              "fail": true,
              "pending": false,
              "context": null,
              "code": "// https://on.cypress.io/config\nvar myConfig = Cypress.config();\nexpect(myConfig).to.have.property('animationDistanceThreshold', 5);\nexpect(myConfig).to.have.property('baseUrl', null);\nexpect(myConfig).to.have.property('defaultCommandTimeout', 4000);\nexpect(myConfig).to.have.property('requestTimeout', 5000);\nexpect(myConfig).to.have.property('responseTimeout', 30000);\nexpect(myConfig).to.have.property('viewportHeight', 660);\nexpect(myConfig).to.have.property('viewportWidth', 1000);\nexpect(myConfig).to.have.property('pageLoadTimeout', 60000);\nexpect(myConfig).to.have.property('waitForAnimations', true);\nexpect(Cypress.config('pageLoadTimeout')).to.eq(60000); // this will change the config for the rest of your tests!\nCypress.config('pageLoadTimeout', 20000);\nexpect(Cypress.config('pageLoadTimeout')).to.eq(20000);\nCypress.config('pageLoadTimeout', 60000);",
              "err": {
                "message": "AssertionError: expected { Object (baseUrl, reporter, ...) } to have property 'baseUrl' of null, but got 'https://react-redux.realworld.io'",
                "estack": "AssertionError: expected { Object (baseUrl, reporter, ...) } to have property 'baseUrl' of null, but got 'https://react-redux.realworld.io'\n    at Context.eval (https://example.cypress.io/__cypress/tests?p=cypress/integration/examples/cypress_api.spec.js:174:30)",
                "diff": null
              },
              "uuid": "462b9627-30dc-41fd-96d3-585330dfdaf0",
              "parentUUID": "f082808c-89e6-4420-962c-cc2191173d17",
              "isHook": false,
              "skipped": false
            }
          ],
          "suites": [],
          "passes": [],
          "failures": [
            "462b9627-30dc-41fd-96d3-585330dfdaf0"
          ],
          "pending": [],
          "skipped": [],
          "duration": 482,
          "root": false,
          "rootEmpty": false,
          "_timeout": 2000
        },
        {
          "uuid": "8156130a-02a8-4cc7-8d0c-8c1bf3922268",
          "title": "Cypress.dom",
          "fullFile": "",
          "file": "",
          "beforeHooks": [],
          "afterHooks": [],
          "tests": [
            {
              "title": ".isHidden() - determine if a DOM element is hidden",
              "fullTitle": "Cypress.dom .isHidden() - determine if a DOM element is hidden",
              "timedOut": null,
              "duration": 146,
              "state": "passed",
              "speed": "slow",
              "pass": true,
              "fail": false,
              "pending": false,
              "context": null,
              "code": "var hiddenP = Cypress.$('.dom-p p.hidden').get(0);\nvar visibleP = Cypress.$('.dom-p p.visible').get(0); // our first paragraph has css class 'hidden'\nexpect(Cypress.dom.isHidden(hiddenP)).to.be[\"true\"];\nexpect(Cypress.dom.isHidden(visibleP)).to.be[\"false\"];",
              "err": {},
              "uuid": "1909fc8e-0988-43a3-9b23-daadbe8b30b3",
              "parentUUID": "8156130a-02a8-4cc7-8d0c-8c1bf3922268",
              "isHook": false,
              "skipped": false
            }
          ],
          "suites": [],
          "passes": [
            "1909fc8e-0988-43a3-9b23-daadbe8b30b3"
          ],
          "failures": [],
          "pending": [],
          "skipped": [],
          "duration": 146,
          "root": false,
          "rootEmpty": false,
          "_timeout": 2000
        },
        {
          "uuid": "e13e7217-117d-40df-a186-851e9625edcb",
          "title": "Cypress.env()",
          "fullFile": "",
          "file": "",
          "beforeHooks": [],
          "afterHooks": [],
          "tests": [
            {
              "title": "Get environment variables",
              "fullTitle": "Cypress.env() Get environment variables",
              "timedOut": null,
              "duration": 110,
              "state": "passed",
              "speed": "slow",
              "pass": true,
              "fail": false,
              "pending": false,
              "context": null,
              "code": "// https://on.cypress.io/env\n// set multiple environment variables\nCypress.env({\n  host: 'veronica.dev.local',\n  api_server: 'http://localhost:8888/v1/'\n}); // get environment variable\nexpect(Cypress.env('host')).to.eq('veronica.dev.local'); // set environment variable\nCypress.env('api_server', 'http://localhost:8888/v2/');\nexpect(Cypress.env('api_server')).to.eq('http://localhost:8888/v2/'); // get all environment variable\nexpect(Cypress.env()).to.have.property('host', 'veronica.dev.local');\nexpect(Cypress.env()).to.have.property('api_server', 'http://localhost:8888/v2/');",
              "err": {},
              "uuid": "e3ec0f4d-3601-4eb9-9fce-83a4884e155f",
              "parentUUID": "e13e7217-117d-40df-a186-851e9625edcb",
              "isHook": false,
              "skipped": false
            }
          ],
          "suites": [],
          "passes": [
            "e3ec0f4d-3601-4eb9-9fce-83a4884e155f"
          ],
          "failures": [],
          "pending": [],
          "skipped": [],
          "duration": 110,
          "root": false,
          "rootEmpty": false,
          "_timeout": 2000
        },
        {
          "uuid": "e10666a6-d6b8-41a4-8e6b-a14a36887f76",
          "title": "Cypress.log",
          "fullFile": "",
          "file": "",
          "beforeHooks": [],
          "afterHooks": [],
          "tests": [
            {
              "title": "Control what is printed to the Command Log",
              "fullTitle": "Cypress.log Control what is printed to the Command Log",
              "timedOut": null,
              "duration": 106,
              "state": "passed",
              "speed": "slow",
              "pass": true,
              "fail": false,
              "pending": false,
              "context": null,
              "code": "// https://on.cypress.io/cypress-log",
              "err": {},
              "uuid": "b6c07389-3929-4cc7-a4cf-6f1fda2b5792",
              "parentUUID": "e10666a6-d6b8-41a4-8e6b-a14a36887f76",
              "isHook": false,
              "skipped": false
            }
          ],
          "suites": [],
          "passes": [
            "b6c07389-3929-4cc7-a4cf-6f1fda2b5792"
          ],
          "failures": [],
          "pending": [],
          "skipped": [],
          "duration": 106,
          "root": false,
          "rootEmpty": false,
          "_timeout": 2000
        },
        {
          "uuid": "3c2da43d-964e-4f53-abd1-b3ab7b4d3911",
          "title": "Cypress.platform",
          "fullFile": "",
          "file": "",
          "beforeHooks": [],
          "afterHooks": [],
          "tests": [
            {
              "title": "Get underlying OS name",
              "fullTitle": "Cypress.platform Get underlying OS name",
              "timedOut": null,
              "duration": 132,
              "state": "passed",
              "speed": "slow",
              "pass": true,
              "fail": false,
              "pending": false,
              "context": null,
              "code": "// https://on.cypress.io/platform\nexpect(Cypress.platform).to.be.exist;",
              "err": {},
              "uuid": "e9a3273c-f365-450f-b012-a9d6c2cc4b5a",
              "parentUUID": "3c2da43d-964e-4f53-abd1-b3ab7b4d3911",
              "isHook": false,
              "skipped": false
            }
          ],
          "suites": [],
          "passes": [
            "e9a3273c-f365-450f-b012-a9d6c2cc4b5a"
          ],
          "failures": [],
          "pending": [],
          "skipped": [],
          "duration": 132,
          "root": false,
          "rootEmpty": false,
          "_timeout": 2000
        },
        {
          "uuid": "5d74533d-f252-40fa-9ea0-8ebca9852439",
          "title": "Cypress.version",
          "fullFile": "",
          "file": "",
          "beforeHooks": [],
          "afterHooks": [],
          "tests": [
            {
              "title": "Get current version of Cypress being run",
              "fullTitle": "Cypress.version Get current version of Cypress being run",
              "timedOut": null,
              "duration": 115,
              "state": "passed",
              "speed": "slow",
              "pass": true,
              "fail": false,
              "pending": false,
              "context": null,
              "code": "// https://on.cypress.io/version\nexpect(Cypress.version).to.be.exist;",
              "err": {},
              "uuid": "02a3bd48-bd59-485b-a323-48256170fb3e",
              "parentUUID": "5d74533d-f252-40fa-9ea0-8ebca9852439",
              "isHook": false,
              "skipped": false
            }
          ],
          "suites": [],
          "passes": [
            "02a3bd48-bd59-485b-a323-48256170fb3e"
          ],
          "failures": [],
          "pending": [],
          "skipped": [],
          "duration": 115,
          "root": false,
          "rootEmpty": false,
          "_timeout": 2000
        },
        {
          "uuid": "0becde19-503b-46c9-a49d-31ad2517c971",
          "title": "Cypress.spec",
          "fullFile": "",
          "file": "",
          "beforeHooks": [],
          "afterHooks": [],
          "tests": [
            {
              "title": "Get current spec information",
              "fullTitle": "Cypress.spec Get current spec information",
              "timedOut": null,
              "duration": 116,
              "state": "passed",
              "speed": "slow",
              "pass": true,
              "fail": false,
              "pending": false,
              "context": null,
              "code": "// https://on.cypress.io/spec\n// wrap the object so we can inspect it easily by clicking in the command log\ncy.wrap(Cypress.spec).should('include.keys', ['name', 'relative', 'absolute']);",
              "err": {},
              "uuid": "6459c603-5a5e-4ed6-8d76-929c43bb4be0",
              "parentUUID": "0becde19-503b-46c9-a49d-31ad2517c971",
              "isHook": false,
              "skipped": false
            }
          ],
          "suites": [],
          "passes": [
            "6459c603-5a5e-4ed6-8d76-929c43bb4be0"
          ],
          "failures": [],
          "pending": [],
          "skipped": [],
          "duration": 116,
          "root": false,
          "rootEmpty": false,
          "_timeout": 2000
        }
      ],
      "passes": [],
      "failures": [],
      "pending": [],
      "skipped": [],
      "duration": 0,
      "root": true,
      "rootEmpty": true,
      "_timeout": 2000
    },
    {
      "uuid": "69d8cd21-96ba-48b9-abf0-19e9969e54ac",
      "title": "",
      "fullFile": "cypress/integration/examples/files.spec.js",
      "file": "cypress/integration/examples/files.spec.js",
      "beforeHooks": [],
      "afterHooks": [],
      "tests": [],
      "suites": [
        {
          "uuid": "0ce41128-fa4a-41a4-9298-22e21cc4bad6",
          "title": "Files",
          "fullFile": "",
          "file": "",
          "beforeHooks": [],
          "afterHooks": [],
          "tests": [
            {
              "title": "cy.fixture() - load a fixture",
              "fullTitle": "Files cy.fixture() - load a fixture",
              "timedOut": null,
              "duration": 414,
              "state": "passed",
              "speed": "slow",
              "pass": true,
              "fail": false,
              "pending": false,
              "context": null,
              "code": "// https://on.cypress.io/fixture\n// Instead of writing a response inline you can\n// use a fixture file's content.\n// when application makes an Ajax request matching \"GET **/comments/*\"\n// Cypress will intercept it and reply with the object in `example.json` fixture\ncy.intercept('GET', '**/comments/*', {\n  fixture: 'example.json'\n}).as('getComment'); // we have code that gets a comment when\n// the button is clicked in scripts.js\ncy.get('.fixture-btn').click();\ncy.wait('@getComment').its('response.body').should('have.property', 'name').and('include', 'Using fixtures to represent data');",
              "err": {},
              "uuid": "82754873-8d09-4006-a684-71512a44e37c",
              "parentUUID": "0ce41128-fa4a-41a4-9298-22e21cc4bad6",
              "isHook": false,
              "skipped": false
            },
            {
              "title": "cy.fixture() or require - load a fixture",
              "fullTitle": "Files cy.fixture() or require - load a fixture",
              "timedOut": null,
              "duration": 122,
              "state": "passed",
              "speed": "slow",
              "pass": true,
              "fail": false,
              "pending": false,
              "context": null,
              "code": "// we are inside the \"function () { ... }\"\n// callback and can use test context object \"this\"\n// \"this.example\" was loaded in \"beforeEach\" function callback\nexpect(this.example, 'fixture in the test context').to.deep.equal(requiredExample); // or use \"cy.wrap\" and \"should('deep.equal', ...)\" assertion\n// @ts-ignore\ncy.wrap(this.example, 'fixture vs require').should('deep.equal', requiredExample);",
              "err": {},
              "uuid": "edb75a8c-baa8-4c85-8954-168f5d224fd3",
              "parentUUID": "0ce41128-fa4a-41a4-9298-22e21cc4bad6",
              "isHook": false,
              "skipped": false
            },
            {
              "title": "cy.readFile() - read file contents",
              "fullTitle": "Files cy.readFile() - read file contents",
              "timedOut": null,
              "duration": 147,
              "state": "passed",
              "speed": "slow",
              "pass": true,
              "fail": false,
              "pending": false,
              "context": null,
              "code": "// https://on.cypress.io/readfile\n// You can read a file and yield its contents\n// The filePath is relative to your project's root.\ncy.readFile('cypress.json').then(function (json) {\n  expect(json).to.be.an('object');\n});",
              "err": {},
              "uuid": "1363e908-9f87-4cc3-970a-92b0728c59b7",
              "parentUUID": "0ce41128-fa4a-41a4-9298-22e21cc4bad6",
              "isHook": false,
              "skipped": false
            },
            {
              "title": "cy.writeFile() - write to a file",
              "fullTitle": "Files cy.writeFile() - write to a file",
              "timedOut": null,
              "duration": 540,
              "state": "passed",
              "speed": "slow",
              "pass": true,
              "fail": false,
              "pending": false,
              "context": null,
              "code": "// https://on.cypress.io/writefile\n// You can write to a file\n// Use a response from a request to automatically\n// generate a fixture file for use later\ncy.request('https://jsonplaceholder.cypress.io/users').then(function (response) {\n  cy.writeFile('cypress/fixtures/users.json', response.body);\n});\ncy.fixture('users').should(function (users) {\n  expect(users[0].name).to.exist;\n}); // JavaScript arrays and objects are stringified\n// and formatted into text.\ncy.writeFile('cypress/fixtures/profile.json', {\n  id: 8739,\n  name: 'Jane',\n  email: 'jane@example.com'\n});\ncy.fixture('profile').should(function (profile) {\n  expect(profile.name).to.eq('Jane');\n});",
              "err": {},
              "uuid": "1ac761fe-28a7-41bc-a133-404b52329b75",
              "parentUUID": "0ce41128-fa4a-41a4-9298-22e21cc4bad6",
              "isHook": false,
              "skipped": false
            }
          ],
          "suites": [],
          "passes": [
            "82754873-8d09-4006-a684-71512a44e37c",
            "edb75a8c-baa8-4c85-8954-168f5d224fd3",
            "1363e908-9f87-4cc3-970a-92b0728c59b7",
            "1ac761fe-28a7-41bc-a133-404b52329b75"
          ],
          "failures": [],
          "pending": [],
          "skipped": [],
          "duration": 1223,
          "root": false,
          "rootEmpty": false,
          "_timeout": 2000
        }
      ],
      "passes": [],
      "failures": [],
      "pending": [],
      "skipped": [],
      "duration": 0,
      "root": true,
      "rootEmpty": true,
      "_timeout": 2000
    },
    {
      "uuid": "2c8af973-fb11-469e-971b-a1a1ab9ded1a",
      "title": "",
      "fullFile": "cypress/integration/examples/local_storage.spec.js",
      "file": "cypress/integration/examples/local_storage.spec.js",
      "beforeHooks": [],
      "afterHooks": [],
      "tests": [],
      "suites": [
        {
          "uuid": "3bc6358e-a30c-4875-8c1b-4f7fe8d3cd0e",
          "title": "Local Storage",
          "fullFile": "",
          "file": "",
          "beforeHooks": [],
          "afterHooks": [],
          "tests": [
            {
              "title": "cy.clearLocalStorage() - clear all data in local storage",
              "fullTitle": "Local Storage cy.clearLocalStorage() - clear all data in local storage",
              "timedOut": null,
              "duration": 701,
              "state": "passed",
              "speed": "slow",
              "pass": true,
              "fail": false,
              "pending": false,
              "context": null,
              "code": "// https://on.cypress.io/clearlocalstorage\ncy.get('.ls-btn').click().should(function () {\n  expect(localStorage.getItem('prop1')).to.eq('red');\n  expect(localStorage.getItem('prop2')).to.eq('blue');\n  expect(localStorage.getItem('prop3')).to.eq('magenta');\n}); // clearLocalStorage() yields the localStorage object\ncy.clearLocalStorage().should(function (ls) {\n  expect(ls.getItem('prop1')).to.be[\"null\"];\n  expect(ls.getItem('prop2')).to.be[\"null\"];\n  expect(ls.getItem('prop3')).to.be[\"null\"];\n}); // Clear key matching string in Local Storage\ncy.get('.ls-btn').click().should(function () {\n  expect(localStorage.getItem('prop1')).to.eq('red');\n  expect(localStorage.getItem('prop2')).to.eq('blue');\n  expect(localStorage.getItem('prop3')).to.eq('magenta');\n});\ncy.clearLocalStorage('prop1').should(function (ls) {\n  expect(ls.getItem('prop1')).to.be[\"null\"];\n  expect(ls.getItem('prop2')).to.eq('blue');\n  expect(ls.getItem('prop3')).to.eq('magenta');\n}); // Clear keys matching regex in Local Storage\ncy.get('.ls-btn').click().should(function () {\n  expect(localStorage.getItem('prop1')).to.eq('red');\n  expect(localStorage.getItem('prop2')).to.eq('blue');\n  expect(localStorage.getItem('prop3')).to.eq('magenta');\n});\ncy.clearLocalStorage(/prop1|2/).should(function (ls) {\n  expect(ls.getItem('prop1')).to.be[\"null\"];\n  expect(ls.getItem('prop2')).to.be[\"null\"];\n  expect(ls.getItem('prop3')).to.eq('magenta');\n});",
              "err": {},
              "uuid": "768b4e68-0342-49ff-a0fb-e58ea28939b0",
              "parentUUID": "3bc6358e-a30c-4875-8c1b-4f7fe8d3cd0e",
              "isHook": false,
              "skipped": false
            }
          ],
          "suites": [],
          "passes": [
            "768b4e68-0342-49ff-a0fb-e58ea28939b0"
          ],
          "failures": [],
          "pending": [],
          "skipped": [],
          "duration": 701,
          "root": false,
          "rootEmpty": false,
          "_timeout": 2000
        }
      ],
      "passes": [],
      "failures": [],
      "pending": [],
      "skipped": [],
      "duration": 0,
      "root": true,
      "rootEmpty": true,
      "_timeout": 2000
    },
    {
      "uuid": "7d001f5f-2152-4d2a-8afe-330201ba0a49",
      "title": "",
      "fullFile": "cypress/integration/examples/location.spec.js",
      "file": "cypress/integration/examples/location.spec.js",
      "beforeHooks": [],
      "afterHooks": [],
      "tests": [],
      "suites": [
        {
          "uuid": "75cd392e-af48-4211-b00d-ae8b7bf6eaef",
          "title": "Location",
          "fullFile": "",
          "file": "",
          "beforeHooks": [],
          "afterHooks": [],
          "tests": [
            {
              "title": "cy.hash() - get the current URL hash",
              "fullTitle": "Location cy.hash() - get the current URL hash",
              "timedOut": null,
[...]
                "diff": null
              },
              "uuid": "f90ef246-fc78-4cef-9716-b5f0e39e30bb",
              "parentUUID": "2ca9ed6e-cb2d-4b5c-b27e-00e34146f6f5",
              "isHook": false,
              "skipped": false
            }
          ],
          "suites": [],
          "passes": [],
          "failures": [
            "5046b68c-d798-4640-a60f-6b7ca321395e",
            "0cf80d22-fbac-465e-ad0d-077a41277421",
            "f90ef246-fc78-4cef-9716-b5f0e39e30bb"
          ],
          "pending": [],
          "skipped": [],
          "duration": 20522,
          "root": false,
          "rootEmpty": false,
          "_timeout": 2000
        }
      ],
      "passes": [],
      "failures": [],
      "pending": [],
      "skipped": [],
      "duration": 0,
      "root": true,
      "rootEmpty": true,
      "_timeout": 2000
    },
    {
      "uuid": "4ee86c50-d96a-4e94-b281-372dac35ff8c",
      "title": "",
      "fullFile": "cypress/integration/examples/QAM/test4.spec.js",
      "file": "cypress/integration/examples/QAM/test4.spec.js",
      "beforeHooks": [],
      "afterHooks": [],
      "tests": [],
      "suites": [
        {
          "uuid": "a9b1db9c-d043-4890-8e2a-6b2301e76e9b",
          "title": "Create and mark-unmark as favorite",
          "fullFile": "",
          "file": "",
          "beforeHooks": [],
          "afterHooks": [],
          "tests": [
            {
              "title": "Create a post",
              "fullTitle": "Create and mark-unmark as favorite Create a post",
              "timedOut": null,
              "duration": 11888,
              "state": "failed",
              "speed": null,
              "pass": false,
              "fail": true,
              "pending": false,
              "context": null,
              "code": "cy.get('ul.navbar-nav').children().contains('New Post').click();\ncy.hash().should('include', '#/editor');\ncy.get('form').within(function ($form) {\n  cy.get('input').first().type('Test');\n  cy.get('input').eq(1).type('Test 1');\n  cy.get('textarea').last().type('Test 2');\n  cy.contains('Publish Article').click();\n});\ncy.url().should('include', 'article');",
              "err": {
                "message": "AssertionError: Timed out retrying after 10000ms: Expected to find content: 'Your Feed' but never did.\n\nBecause this error occurred during a `before all` hook we are skipping the remaining tests in the current suite: `Create and mark-unmark as f...`",
                "estack": "AssertionError: Timed out retrying after 10000ms: Expected to find content: 'Your Feed' but never did.\n\nBecause this error occurred during a `before all` hook we are skipping the remaining tests in the current suite: `Create and mark-unmark as f...`\n    at Context.eval (https://react-redux.realworld.io/__cypress/tests?p=cypress/support/index.js:622:6)",
                "diff": null
              },
              "uuid": "621f7959-4403-45b9-a8d1-64d97c999de2",
              "parentUUID": "a9b1db9c-d043-4890-8e2a-6b2301e76e9b",
              "isHook": false,
              "skipped": false
            },
            {
              "title": "Mark-unmark as favorite",
              "fullTitle": "Create and mark-unmark as favorite Mark-unmark as favorite",
              "timedOut": null,
              "duration": 0,
              "state": "skipped",
              "speed": null,
              "pass": false,
              "fail": false,
              "pending": false,
              "context": null,
              "code": "cy.get('ul.navbar-nav').children().contains('QAMs').click();\ncy.contains('My Articles').should('be.visible');\ncy.get('.ion-heart').first().click();\ncy.contains('Favorited Articles').click();\ncy.url().should('include', 'favorites');\ncy.get('.ion-heart').first().click();\ncy.reload();\ncy.contains('No articles are here... yet.').should('be.visible');\ncy.go('back');",
              "err": {},
              "uuid": "51956bcd-e871-4ec7-a10d-4a7bc9b12ee6",
              "parentUUID": "a9b1db9c-d043-4890-8e2a-6b2301e76e9b",
              "isHook": false,
              "skipped": true
            }
          ],
          "suites": [],
          "passes": [],
          "failures": [
            "621f7959-4403-45b9-a8d1-64d97c999de2"
          ],
          "pending": [],
          "skipped": [
            "51956bcd-e871-4ec7-a10d-4a7bc9b12ee6"
          ],
          "duration": 11888,
          "root": false,
          "rootEmpty": false,
          "_timeout": 2000
        }
      ],
      "passes": [],
      "failures": [],
      "pending": [],
      "skipped": [],
      "duration": 0,
      "root": true,
      "rootEmpty": true,
      "_timeout": 2000
    },
    {
      "uuid": "ae8417ec-d860-463f-a007-6d08a0394037",
      "title": "",
      "fullFile": "cypress/integration/examples/QAM/test5.spec.js",
      "file": "cypress/integration/examples/QAM/test5.spec.js",
      "beforeHooks": [],
      "afterHooks": [],
      "tests": [],
      "suites": [
        {
          "uuid": "08385946-c31f-4442-9468-bdc612eb515e",
          "title": "Create and mark-unmark as favorite",
          "fullFile": "",
          "file": "",
          "beforeHooks": [],
          "afterHooks": [],
          "tests": [
            {
              "title": "Create a post",
              "fullTitle": "Create and mark-unmark as favorite Create a post",
              "timedOut": null,
              "duration": 11861,
              "state": "failed",
              "speed": null,
              "pass": false,
              "fail": true,
              "pending": false,
              "context": null,
              "code": "cy.get('ul.navbar-nav').children().contains('New Post').click();\ncy.hash().should('include', '#/editor');\ncy.get('form').within(function ($form) {\n  cy.get('input').first().type('Test');\n  cy.get('input').eq(1).type('Test 1');\n  cy.get('textarea').last().type('Test 2');\n  cy.contains('Publish Article').click();\n});\ncy.url().should('include', 'article');",
              "err": {
                "message": "AssertionError: Timed out retrying after 10000ms: Expected to find content: 'Your Feed' but never did.\n\nBecause this error occurred during a `before all` hook we are skipping the remaining tests in the current suite: `Create and mark-unmark as f...`",
                "estack": "AssertionError: Timed out retrying after 10000ms: Expected to find content: 'Your Feed' but never did.\n\nBecause this error occurred during a `before all` hook we are skipping the remaining tests in the current suite: `Create and mark-unmark as f...`\n    at Context.eval (https://react-redux.realworld.io/__cypress/tests?p=cypress/support/index.js:622:6)",
                "diff": null
              },
              "uuid": "c7c4be31-f099-47aa-b54a-37eea9c605c9",
              "parentUUID": "08385946-c31f-4442-9468-bdc612eb515e",
              "isHook": false,
              "skipped": false
            },
            {
              "title": "Mark-unmark as favorite",
              "fullTitle": "Create and mark-unmark as favorite Mark-unmark as favorite",
              "timedOut": null,
              "duration": 0,
              "state": "skipped",
              "speed": null,
              "pass": false,
              "fail": false,
              "pending": false,
              "context": null,
              "code": "cy.get('ul.navbar-nav').children().contains('QAMs').click();\ncy.contains('My Articles').should('be.visible');\ncy.get('.ion-heart').first().click();\ncy.contains('Favorited Articles').click();\ncy.url().should('include', 'favorites');\ncy.get('.btn-primary').first().then(function ($fav) {\n  var favCount = $fav.text();\n  expect(parseInt(favCount)).to.eq(1);\n}).click();\ncy.reload();\ncy.contains('No articles are here... yet.').should('be.visible');\ncy.go('back');",
              "err": {},
              "uuid": "2d9fadd2-04fa-45e0-aae8-df34d0b051fd",
              "parentUUID": "08385946-c31f-4442-9468-bdc612eb515e",
              "isHook": false,
              "skipped": true
            }
          ],
          "suites": [],
          "passes": [],
          "failures": [
            "c7c4be31-f099-47aa-b54a-37eea9c605c9"
          ],
          "pending": [],
          "skipped": [
            "2d9fadd2-04fa-45e0-aae8-df34d0b051fd"
          ],
          "duration": 11861,
          "root": false,
          "rootEmpty": false,
          "_timeout": 2000
        }
      ],
      "passes": [],
      "failures": [],
      "pending": [],
      "skipped": [],
      "duration": 0,
      "root": true,
      "rootEmpty": true,
      "_timeout": 2000
    },
    {
      "uuid": "da9a1114-043e-4310-8d8c-b42a2cd4e9a7",
      "title": "",
      "fullFile": "cypress/integration/examples/QAM/test6.spec.js",
      "file": "cypress/integration/examples/QAM/test6.spec.js",
      "beforeHooks": [],
      "afterHooks": [],
      "tests": [],
      "suites": [
        {
          "uuid": "5805c0fa-2cdd-4ade-8676-74c3589330a4",
          "title": "Create and mark-unmark as favorite",
          "fullFile": "",
          "file": "",
          "beforeHooks": [],
          "afterHooks": [],
          "tests": [
            {
              "title": "Create a post",
              "fullTitle": "Create and mark-unmark as favorite Create a post",
              "timedOut": null,
              "duration": 11939,
              "state": "failed",
              "speed": null,
              "pass": false,
              "fail": true,
              "pending": false,
              "context": null,
              "code": "cy.get('ul.navbar-nav').children().as('menu');\ncy.get('@menu').contains('New Post').click();\ncy.hash().should('include', '#/editor');\ncy.get('form').within(function ($form) {\n  cy.get('input').first().type('Test');\n  cy.get('input').eq(1).type('Test 1');\n  cy.get('textarea').last().type('Test 2');\n  cy.contains('Publish Article').click();\n});\ncy.url().should('include', 'article');",
              "err": {
                "message": "AssertionError: Timed out retrying after 10000ms: Expected to find content: 'Your Feed' but never did.\n\nBecause this error occurred during a `before all` hook we are skipping the remaining tests in the current suite: `Create and mark-unmark as f...`",
                "estack": "AssertionError: Timed out retrying after 10000ms: Expected to find content: 'Your Feed' but never did.\n\nBecause this error occurred during a `before all` hook we are skipping the remaining tests in the current suite: `Create and mark-unmark as f...`\n    at Context.eval (https://react-redux.realworld.io/__cypress/tests?p=cypress/support/index.js:622:6)",
                "diff": null
              },
              "uuid": "3631ab70-4ece-463f-b40c-ef3f4c48fa0f",
              "parentUUID": "5805c0fa-2cdd-4ade-8676-74c3589330a4",
              "isHook": false,
              "skipped": false
            },
            {
              "title": "Mark-unmark as favorite",
              "fullTitle": "Create and mark-unmark as favorite Mark-unmark as favorite",
              "timedOut": null,
              "duration": 0,
              "state": "skipped",
              "speed": null,
              "pass": false,
              "fail": false,
              "pending": false,
              "context": null,
              "code": "cy.get('ul.navbar-nav').children().contains('QAMs').click();\ncy.contains('My Articles').should('be.visible');\ncy.get('.ion-heart').first().click();\ncy.contains('Favorited Articles').click();\ncy.url().should('include', 'favorites');\ncy.get('.btn-primary').first().then(function ($fav) {\n  return $fav.text();\n}).as('favCount');\ncy.get('@favCount').then(function ($cnt) {\n  expect(parseInt($cnt)).to.eq(1);\n});\ncy.get('.btn-primary').first().click();\ncy.reload();\ncy.contains('No articles are here... yet.').should('be.visible');\ncy.go('back');",
              "err": {},
              "uuid": "b153f2ef-0285-404a-95d5-f703d269cc48",
              "parentUUID": "5805c0fa-2cdd-4ade-8676-74c3589330a4",
              "isHook": false,
              "skipped": true
            }
          ],
          "suites": [],
          "passes": [],
          "failures": [
            "3631ab70-4ece-463f-b40c-ef3f4c48fa0f"
          ],
          "pending": [],
          "skipped": [
            "b153f2ef-0285-404a-95d5-f703d269cc48"
          ],
          "duration": 11939,
          "root": false,
          "rootEmpty": false,
          "_timeout": 2000
        }
      ],
      "passes": [],
      "failures": [],
      "pending": [],
      "skipped": [],
      "duration": 0,
      "root": true,
      "rootEmpty": true,
      "_timeout": 2000
    },
    {
      "uuid": "e6299018-1bec-4e51-8753-487cb45e204d",
      "title": "",
      "fullFile": "cypress/integration/examples/QAM/test7.spec.js",
      "file": "cypress/integration/examples/QAM/test7.spec.js",
      "beforeHooks": [],
      "afterHooks": [],
      "tests": [],
      "suites": [
        {
          "uuid": "c6396769-c3b0-4746-93e7-683dcbe2f4ed",
          "title": "Working with plugins",
          "fullFile": "",
          "file": "",
          "beforeHooks": [],
          "afterHooks": [],
          "tests": [
            {
              "title": "File upload",
              "fullTitle": "Working with plugins File upload",
              "timedOut": null,
              "duration": 1533,
              "state": "failed",
              "speed": null,
              "pass": false,
              "fail": true,
              "pending": false,
              "context": null,
              "code": "cy.visit('https://cgi-lib.berkeley.edu/ex/fup.html'); // upload file\nvar fileName = 'SampleFile.pdf';\n/* For cypress-file-upload version < 4.0.0\ncy.fixture(fileName).then(fileContent => {\n    cy.get('[type=\"file\"]').upload({ fileContent, fileName, mimeType: 'application/pdf' });\n})*/\n// For cypress-file-upload version > 4.0.0\ncy.get('[type=\"file\"]').attachFile(fileName);\ncy.get('[type=\"submit\"]').click();\ncy.contains(\"You've uploaded a file.  Your notes on the file were:\");",
              "err": {
                "message": "Error: A fixture file could not be found at any of the following paths:\n\n> cypress/fixtures/SampleFile.pdf\n> cypress/fixtures/SampleFile.pdf{{extension}}\n\nCypress looked for these file extensions at the provided path:\n\n> .json, .js, .coffee, .html, .txt, .csv, .png, .jpg, .jpeg, .gif, .tif, .tiff, .zip\n\nProvide a path to an existing fixture file.",
                "estack": "Error: A fixture file could not be found at any of the following paths:\n\n> cypress/fixtures/SampleFile.pdf\n> cypress/fixtures/SampleFile.pdf{{extension}}\n\nCypress looked for these file extensions at the provided path:\n\n> .json, .js, .coffee, .html, .txt, .csv, .png, .jpg, .jpeg, .gif, .tif, .tiff, .zip\n\nProvide a path to an existing fixture file.\n    at get (/Users/hvaandres/Library/Caches/Cypress/6.2.1/Cypress.app/Contents/Resources/app/packages/server/lib/errors.js:961:15)\n    at Object.throwErr [as throw] (/Users/hvaandres/Library/Caches/Cypress/6.2.1/Cypress.app/Contents/Resources/app/packages/server/lib/errors.js:979:9)\n    at Object.<anonymous> (/Users/hvaandres/Library/Caches/Cypress/6.2.1/Cypress.app/Contents/Resources/app/packages/server/lib/fixture.js:63:23)\n    at Object.tryCatcher (/Users/hvaandres/Library/Caches/Cypress/6.2.1/Cypress.app/Contents/Resources/app/packages/server/node_modules/bluebird/js/release/util.js:16:23)\n    at Promise._settlePromiseFromHandler (/Users/hvaandres/Library/Caches/Cypress/6.2.1/Cypress.app/Contents/Resources/app/packages/server/node_modules/bluebird/js/release/promise.js:547:31)\n    at Promise._settlePromise (/Users/hvaandres/Library/Caches/Cypress/6.2.1/Cypress.app/Contents/Resources/app/packages/server/node_modules/bluebird/js/release/promise.js:604:18)\n    at Promise._settlePromise0 (/Users/hvaandres/Library/Caches/Cypress/6.2.1/Cypress.app/Contents/Resources/app/packages/server/node_modules/bluebird/js/release/promise.js:649:10)\n    at Promise._settlePromises (/Users/hvaandres/Library/Caches/Cypress/6.2.1/Cypress.app/Contents/Resources/app/packages/server/node_modules/bluebird/js/release/promise.js:729:18)\n    at Promise._fulfill (/Users/hvaandres/Library/Caches/Cypress/6.2.1/Cypress.app/Contents/Resources/app/packages/server/node_modules/bluebird/js/release/promise.js:673:18)\n    at /Users/hvaandres/Library/Caches/Cypress/6.2.1/Cypress.app/Contents/Resources/app/packages/server/node_modules/bluebird/js/release/nodeback.js:42:21\n    at f (/Users/hvaandres/Library/Caches/Cypress/6.2.1/Cypress.app/Contents/Resources/app/packages/server/node_modules/once/once.js:25:25)\n    at Glob.<anonymous> (/Users/hvaandres/Library/Caches/Cypress/6.2.1/Cypress.app/Contents/Resources/app/packages/server/node_modules/glob/glob.js:151:7)\n    at Glob.emit (events.js:315:20)\n    at Glob._finish (/Users/hvaandres/Library/Caches/Cypress/6.2.1/Cypress.app/Contents/Resources/app/packages/server/node_modules/glob/glob.js:197:8)\n    at done (/Users/hvaandres/Library/Caches/Cypress/6.2.1/Cypress.app/Contents/Resources/app/packages/server/node_modules/glob/glob.js:182:14)\n    at Glob._processSimple2 (/Users/hvaandres/Library/Caches/Cypress/6.2.1/Cypress.app/Contents/Resources/app/packages/server/node_modules/glob/glob.js:688:12)\n    at /Users/hvaandres/Library/Caches/Cypress/6.2.1/Cypress.app/Contents/Resources/app/packages/server/node_modules/glob/glob.js:676:10\n    at Glob._stat2 (/Users/hvaandres/Library/Caches/Cypress/6.2.1/Cypress.app/Contents/Resources/app/packages/server/node_modules/glob/glob.js:772:12)\n    at lstatcb_ (/Users/hvaandres/Library/Caches/Cypress/6.2.1/Cypress.app/Contents/Resources/app/packages/server/node_modules/glob/glob.js:764:12)\n    at RES (/Users/hvaandres/Library/Caches/Cypress/6.2.1/Cypress.app/Contents/Resources/app/packages/server/node_modules/inflight/inflight.js:31:16)\n    at f (/Users/hvaandres/Library/Caches/Cypress/6.2.1/Cypress.app/Contents/Resources/app/packages/server/node_modules/once/once.js:25:25)\n    at callback (/Users/hvaandres/Library/Caches/Cypress/6.2.1/Cypress.app/Contents/Resources/app/packages/server/node_modules/graceful-fs/polyfills.js:289:20)\n    at FSReqCallback.oncomplete (fs.js:172:21)\n",
                "diff": null
              },
              "uuid": "3ecbf6ad-b518-41cb-8343-d4a451b76316",
              "parentUUID": "c6396769-c3b0-4746-93e7-683dcbe2f4ed",
              "isHook": false,
              "skipped": false
            }
          ],
          "suites": [],
          "passes": [],
          "failures": [
            "3ecbf6ad-b518-41cb-8343-d4a451b76316"
          ],
          "pending": [],
          "skipped": [],
          "duration": 1533,
          "root": false,
          "rootEmpty": false,
          "_timeout": 2000
        }
      ],
      "passes": [],
      "failures": [],
      "pending": [],
      "skipped": [],
      "duration": 0,
      "root": true,
      "rootEmpty": true,
      "_timeout": 2000
    }
  ],
  "meta": {
    "mocha": {
      "version": "7.0.1"
    },
    "mochawesome": {
      "options": {
        "quiet": false,
        "reportFilename": "mochawesome",
        "saveHtml": false,
        "saveJson": true,
        "consoleReporter": "spec",
        "useInlineDiffs": false,
        "code": true
      },
      "version": "6.2.1"
    },
    "marge": {
      "options": {
        "id": "default",
        "reportDir": "cypress/reports/mocha",
        "quite": true,
        "overwrite": false,
        "html": false,
        "json": true
      },
      "version": "5.1.0"
    }
  }
}